{"meta": {"format": 3, "version": "7.10.6", "timestamp": "2025-09-20T16:11:05.100706", "branch_coverage": true, "show_contexts": false}, "files": {"src/tidal_mcp/__init__.py": {"executed_lines": [1, 9, 10, 11, 13, 14, 15, 16, 18], "summary": {"covered_lines": 8, "num_statements": 8, "percent_covered": 100.0, "percent_covered_display": "100.00", "missing_lines": 0, "excluded_lines": 0, "num_branches": 0, "num_partial_branches": 0, "covered_branches": 0, "missing_branches": 0}, "missing_lines": [], "excluded_lines": [], "executed_branches": [], "missing_branches": [], "functions": {"": {"executed_lines": [1, 9, 10, 11, 13, 14, 15, 16, 18], "summary": {"covered_lines": 8, "num_statements": 8, "percent_covered": 100.0, "percent_covered_display": "100.00", "missing_lines": 0, "excluded_lines": 0, "num_branches": 0, "num_partial_branches": 0, "covered_branches": 0, "missing_branches": 0}, "missing_lines": [], "excluded_lines": [], "executed_branches": [], "missing_branches": []}}, "classes": {"": {"executed_lines": [1, 9, 10, 11, 13, 14, 15, 16, 18], "summary": {"covered_lines": 8, "num_statements": 8, "percent_covered": 100.0, "percent_covered_display": "100.00", "missing_lines": 0, "excluded_lines": 0, "num_branches": 0, "num_partial_branches": 0, "covered_branches": 0, "missing_branches": 0}, "missing_lines": [], "excluded_lines": [], "executed_branches": [], "missing_branches": []}}}, "src/tidal_mcp/auth.py": {"executed_lines": [1, 9, 10, 11, 12, 13, 14, 15, 16, 17, 18, 19, 21, 22, 23, 26, 28, 31, 32, 34, 37, 38, 46, 47, 49, 51, 92, 118, 143, 152, 177, 198, 242, 280, 343, 417, 442, 509, 528, 543, 558, 580, 589], "summary": {"covered_lines": 40, "num_statements": 291, "percent_covered": 11.204481792717086, "percent_covered_display": "11.20", "missing_lines": 251, "excluded_lines": 0, "num_branches": 66, "num_partial_branches": 0, "covered_branches": 0, "missing_branches": 66}, "missing_lines": [60, 61, 62, 68, 71, 73, 74, 75, 76, 77, 80, 83, 84, 87, 90, 94, 95, 96, 97, 99, 100, 101, 102, 103, 106, 107, 108, 110, 112, 113, 114, 115, 116, 120, 121, 133, 134, 137, 138, 140, 141, 145, 146, 147, 148, 149, 150, 160, 167, 175, 184, 185, 188, 189, 192, 194, 195, 196, 200, 201, 202, 205, 209, 210, 211, 212, 215, 217, 219, 224, 225, 226, 227, 228, 229, 232, 233, 234, 236, 238, 239, 240, 244, 246, 249, 258, 260, 261, 262, 265, 268, 269, 270, 273, 274, 276, 277, 278, 282, 284, 286, 288, 292, 293, 295, 296, 297, 299, 300, 301, 302, 307, 309, 310, 311, 314, 315, 316, 317, 319, 322, 323, 325, 329, 332, 334, 335, 337, 339, 340, 341, 347, 348, 356, 357, 362, 363, 364, 366, 369, 370, 372, 373, 375, 376, 379, 382, 383, 384, 387, 388, 390, 395, 396, 397, 398, 399, 402, 404, 405, 407, 408, 409, 410, 411, 413, 414, 415, 424, 425, 427, 428, 431, 432, 434, 435, 436, 437, 440, 449, 450, 451, 453, 454, 456, 462, 463, 468, 469, 470, 471, 473, 476, 479, 480, 481, 483, 484, 487, 488, 489, 490, 492, 493, 495, 500, 502, 503, 505, 506, 507, 516, 517, 520, 521, 522, 525, 526, 535, 536, 538, 553, 554, 556, 560, 562, 563, 564, 565, 568, 569, 570, 571, 572, 573, 576, 578, 582, 585, 586, 587, 596, 597, 598, 600, 601, 602, 604, 614, 615, 616], "excluded_lines": [], "executed_branches": [], "missing_branches": [[61, 62], [61, 68], [95, -92], [95, 96], [107, 108], [107, 110], [146, -143], [146, 147], [188, 189], [188, 192], [201, 202], [201, 205], [215, 217], [215, 224], [226, 227], [226, 236], [269, 270], [269, 273], [295, 296], [295, 299], [299, 300], [299, 307], [325, 329], [325, 332], [334, 335], [334, 337], [362, 363], [362, 366], [375, 376], [375, 379], [387, 388], [387, 395], [397, 398], [397, 407], [424, 425], [424, 427], [427, 428], [427, 431], [431, 432], [431, 440], [449, 450], [449, 453], [468, 469], [468, 473], [480, 481], [480, 483], [487, 488], [487, 500], [492, 493], [492, 500], [516, 517], [516, 520], [520, 521], [520, 525], [521, 522], [521, 525], [535, 536], [535, 538], [553, 554], [553, 556], [562, 563], [562, 568], [597, 598], [597, 600], [601, 602], [601, 604]], "functions": {"TidalAuth.__init__": {"executed_lines": [], "summary": {"covered_lines": 0, "num_statements": 15, "percent_covered": 0.0, "percent_covered_display": "0.00", "missing_lines": 15, "excluded_lines": 0, "num_branches": 2, "num_partial_branches": 0, "covered_branches": 0, "missing_branches": 2}, "missing_lines": [60, 61, 62, 68, 71, 73, 74, 75, 76, 77, 80, 83, 84, 87, 90], "excluded_lines": [], "executed_branches": [], "missing_branches": [[61, 62], [61, 68]]}, "TidalAuth._load_session": {"executed_lines": [], "summary": {"covered_lines": 0, "num_statements": 18, "percent_covered": 0.0, "percent_covered_display": "0.00", "missing_lines": 18, "excluded_lines": 0, "num_branches": 4, "num_partial_branches": 0, "covered_branches": 0, "missing_branches": 4}, "missing_lines": [94, 95, 96, 97, 99, 100, 101, 102, 103, 106, 107, 108, 110, 112, 113, 114, 115, 116], "excluded_lines": [], "executed_branches": [], "missing_branches": [[95, -92], [95, 96], [107, 108], [107, 110]]}, "TidalAuth._save_session": {"executed_lines": [], "summary": {"covered_lines": 0, "num_statements": 8, "percent_covered": 0.0, "percent_covered_display": "0.00", "missing_lines": 8, "excluded_lines": 0, "num_branches": 0, "num_partial_branches": 0, "covered_branches": 0, "missing_branches": 0}, "missing_lines": [120, 121, 133, 134, 137, 138, 140, 141], "excluded_lines": [], "executed_branches": [], "missing_branches": []}, "TidalAuth._clear_session_file": {"executed_lines": [], "summary": {"covered_lines": 0, "num_statements": 6, "percent_covered": 0.0, "percent_covered_display": "0.00", "missing_lines": 6, "excluded_lines": 0, "num_branches": 2, "num_partial_branches": 0, "covered_branches": 0, "missing_branches": 2}, "missing_lines": [145, 146, 147, 148, 149, 150], "excluded_lines": [], "executed_branches": [], "missing_branches": [[146, -143], [146, 147]]}, "TidalAuth._generate_pkce_params": {"executed_lines": [], "summary": {"covered_lines": 0, "num_statements": 3, "percent_covered": 0.0, "percent_covered_display": "0.00", "missing_lines": 3, "excluded_lines": 0, "num_branches": 0, "num_partial_branches": 0, "covered_branches": 0, "missing_branches": 0}, "missing_lines": [160, 167, 175], "excluded_lines": [], "executed_branches": [], "missing_branches": []}, "TidalAuth.authenticate": {"executed_lines": [], "summary": {"covered_lines": 0, "num_statements": 8, "percent_covered": 0.0, "percent_covered_display": "0.00", "missing_lines": 8, "excluded_lines": 0, "num_branches": 2, "num_partial_branches": 0, "covered_branches": 0, "missing_branches": 2}, "missing_lines": [184, 185, 188, 189, 192, 194, 195, 196], "excluded_lines": [], "executed_branches": [], "missing_branches": [[188, 189], [188, 192]]}, "TidalAuth._try_existing_session": {"executed_lines": [], "summary": {"covered_lines": 0, "num_statements": 24, "percent_covered": 0.0, "percent_covered_display": "0.00", "missing_lines": 24, "excluded_lines": 0, "num_branches": 6, "num_partial_branches": 0, "covered_branches": 0, "missing_branches": 6}, "missing_lines": [200, 201, 202, 205, 209, 210, 211, 212, 215, 217, 219, 224, 225, 226, 227, 228, 229, 232, 233, 234, 236, 238, 239, 240], "excluded_lines": [], "executed_branches": [], "missing_branches": [[201, 202], [201, 205], [215, 217], [215, 224], [226, 227], [226, 236]]}, "TidalAuth._oauth2_flow": {"executed_lines": [], "summary": {"covered_lines": 0, "num_statements": 16, "percent_covered": 0.0, "percent_covered_display": "0.00", "missing_lines": 16, "excluded_lines": 0, "num_branches": 2, "num_partial_branches": 0, "covered_branches": 0, "missing_branches": 2}, "missing_lines": [244, 246, 249, 258, 260, 261, 262, 265, 268, 269, 270, 273, 274, 276, 277, 278], "excluded_lines": [], "executed_branches": [], "missing_branches": [[269, 270], [269, 273]]}, "TidalAuth._capture_auth_code": {"executed_lines": [], "summary": {"covered_lines": 0, "num_statements": 23, "percent_covered": 0.0, "percent_covered_display": "0.00", "missing_lines": 23, "excluded_lines": 0, "num_branches": 4, "num_partial_branches": 0, "covered_branches": 0, "missing_branches": 4}, "missing_lines": [282, 284, 286, 288, 309, 310, 311, 314, 315, 316, 317, 319, 322, 323, 325, 329, 332, 334, 335, 337, 339, 340, 341], "excluded_lines": [], "executed_branches": [], "missing_branches": [[325, 329], [325, 332], [334, 335], [334, 337]]}, "TidalAuth._capture_auth_code.callback_handler": {"executed_lines": [], "summary": {"covered_lines": 0, "num_statements": 10, "percent_covered": 0.0, "percent_covered_display": "0.00", "missing_lines": 10, "excluded_lines": 0, "num_branches": 4, "num_partial_branches": 0, "covered_branches": 0, "missing_branches": 4}, "missing_lines": [292, 293, 295, 296, 297, 299, 300, 301, 302, 307], "excluded_lines": [], "executed_branches": [], "missing_branches": [[295, 296], [295, 299], [299, 300], [299, 307]]}, "TidalAuth._exchange_code_for_tokens": {"executed_lines": [], "summary": {"covered_lines": 0, "num_statements": 37, "percent_covered": 0.0, "percent_covered_display": "0.00", "missing_lines": 37, "excluded_lines": 0, "num_branches": 8, "num_partial_branches": 0, "covered_branches": 0, "missing_branches": 8}, "missing_lines": [347, 348, 356, 357, 362, 363, 364, 366, 369, 370, 372, 373, 375, 376, 379, 382, 383, 384, 387, 388, 390, 395, 396, 397, 398, 399, 402, 404, 405, 407, 408, 409, 410, 411, 413, 414, 415], "excluded_lines": [], "executed_branches": [], "missing_branches": [[362, 363], [362, 366], [375, 376], [375, 379], [387, 388], [387, 395], [397, 398], [397, 407]]}, "TidalAuth.is_authenticated": {"executed_lines": [], "summary": {"covered_lines": 0, "num_statements": 11, "percent_covered": 0.0, "percent_covered_display": "0.00", "missing_lines": 11, "excluded_lines": 0, "num_branches": 6, "num_partial_branches": 0, "covered_branches": 0, "missing_branches": 6}, "missing_lines": [424, 425, 427, 428, 431, 432, 434, 435, 436, 437, 440], "excluded_lines": [], "executed_branches": [], "missing_branches": [[424, 425], [424, 427], [427, 428], [427, 431], [431, 432], [431, 440]]}, "TidalAuth.refresh_access_token": {"executed_lines": [], "summary": {"covered_lines": 0, "num_statements": 32, "percent_covered": 0.0, "percent_covered_display": "0.00", "missing_lines": 32, "excluded_lines": 0, "num_branches": 10, "num_partial_branches": 0, "covered_branches": 0, "missing_branches": 10}, "missing_lines": [449, 450, 451, 453, 454, 456, 462, 463, 468, 469, 470, 471, 473, 476, 479, 480, 481, 483, 484, 487, 488, 489, 490, 492, 493, 495, 500, 502, 503, 505, 506, 507], "excluded_lines": [], "executed_branches": [], "missing_branches": [[449, 450], [449, 453], [468, 469], [468, 473], [480, 481], [480, 483], [487, 488], [487, 500], [492, 493], [492, 500]]}, "TidalAuth.ensure_valid_token": {"executed_lines": [], "summary": {"covered_lines": 0, "num_statements": 7, "percent_covered": 0.0, "percent_covered_display": "0.00", "missing_lines": 7, "excluded_lines": 0, "num_branches": 6, "num_partial_branches": 0, "covered_branches": 0, "missing_branches": 6}, "missing_lines": [516, 517, 520, 521, 522, 525, 526], "excluded_lines": [], "executed_branches": [], "missing_branches": [[516, 517], [516, 520], [520, 521], [520, 525], [521, 522], [521, 525]]}, "TidalAuth.get_auth_headers": {"executed_lines": [], "summary": {"covered_lines": 0, "num_statements": 3, "percent_covered": 0.0, "percent_covered_display": "0.00", "missing_lines": 3, "excluded_lines": 0, "num_branches": 2, "num_partial_branches": 0, "covered_branches": 0, "missing_branches": 2}, "missing_lines": [535, 536, 538], "excluded_lines": [], "executed_branches": [], "missing_branches": [[535, 536], [535, 538]]}, "TidalAuth.get_tidal_session": {"executed_lines": [], "summary": {"covered_lines": 0, "num_statements": 3, "percent_covered": 0.0, "percent_covered_display": "0.00", "missing_lines": 3, "excluded_lines": 0, "num_branches": 2, "num_partial_branches": 0, "covered_branches": 0, "missing_branches": 2}, "missing_lines": [553, 554, 556], "excluded_lines": [], "executed_branches": [], "missing_branches": [[553, 554], [553, 556]]}, "TidalAuth.logout": {"executed_lines": [], "summary": {"covered_lines": 0, "num_statements": 13, "percent_covered": 0.0, "percent_covered_display": "0.00", "missing_lines": 13, "excluded_lines": 0, "num_branches": 2, "num_partial_branches": 0, "covered_branches": 0, "missing_branches": 2}, "missing_lines": [560, 562, 563, 564, 565, 568, 569, 570, 571, 572, 573, 576, 578], "excluded_lines": [], "executed_branches": [], "missing_branches": [[562, 563], [562, 568]]}, "TidalAuth._revoke_tokens": {"executed_lines": [], "summary": {"covered_lines": 0, "num_statements": 4, "percent_covered": 0.0, "percent_covered_display": "0.00", "missing_lines": 4, "excluded_lines": 0, "num_branches": 0, "num_partial_branches": 0, "covered_branches": 0, "missing_branches": 0}, "missing_lines": [582, 585, 586, 587], "excluded_lines": [], "executed_branches": [], "missing_branches": []}, "TidalAuth.get_user_info": {"executed_lines": [], "summary": {"covered_lines": 0, "num_statements": 10, "percent_covered": 0.0, "percent_covered_display": "0.00", "missing_lines": 10, "excluded_lines": 0, "num_branches": 4, "num_partial_branches": 0, "covered_branches": 0, "missing_branches": 4}, "missing_lines": [596, 597, 598, 600, 601, 602, 604, 614, 615, 616], "excluded_lines": [], "executed_branches": [], "missing_branches": [[597, 598], [597, 600], [601, 602], [601, 604]]}, "": {"executed_lines": [1, 9, 10, 11, 12, 13, 14, 15, 16, 17, 18, 19, 21, 22, 23, 26, 28, 31, 32, 34, 37, 38, 46, 47, 49, 51, 92, 118, 143, 152, 177, 198, 242, 280, 343, 417, 442, 509, 528, 543, 558, 580, 589], "summary": {"covered_lines": 40, "num_statements": 40, "percent_covered": 100.0, "percent_covered_display": "100.00", "missing_lines": 0, "excluded_lines": 0, "num_branches": 0, "num_partial_branches": 0, "covered_branches": 0, "missing_branches": 0}, "missing_lines": [], "excluded_lines": [], "executed_branches": [], "missing_branches": []}}, "classes": {"TidalAuthError": {"executed_lines": [], "summary": {"covered_lines": 0, "num_statements": 0, "percent_covered": 100.0, "percent_covered_display": "100.00", "missing_lines": 0, "excluded_lines": 0, "num_branches": 0, "num_partial_branches": 0, "covered_branches": 0, "missing_branches": 0}, "missing_lines": [], "excluded_lines": [], "executed_branches": [], "missing_branches": []}, "TidalAuth": {"executed_lines": [], "summary": {"covered_lines": 0, "num_statements": 251, "percent_covered": 0.0, "percent_covered_display": "0.00", "missing_lines": 251, "excluded_lines": 0, "num_branches": 66, "num_partial_branches": 0, "covered_branches": 0, "missing_branches": 66}, "missing_lines": [60, 61, 62, 68, 71, 73, 74, 75, 76, 77, 80, 83, 84, 87, 90, 94, 95, 96, 97, 99, 100, 101, 102, 103, 106, 107, 108, 110, 112, 113, 114, 115, 116, 120, 121, 133, 134, 137, 138, 140, 141, 145, 146, 147, 148, 149, 150, 160, 167, 175, 184, 185, 188, 189, 192, 194, 195, 196, 200, 201, 202, 205, 209, 210, 211, 212, 215, 217, 219, 224, 225, 226, 227, 228, 229, 232, 233, 234, 236, 238, 239, 240, 244, 246, 249, 258, 260, 261, 262, 265, 268, 269, 270, 273, 274, 276, 277, 278, 282, 284, 286, 288, 292, 293, 295, 296, 297, 299, 300, 301, 302, 307, 309, 310, 311, 314, 315, 316, 317, 319, 322, 323, 325, 329, 332, 334, 335, 337, 339, 340, 341, 347, 348, 356, 357, 362, 363, 364, 366, 369, 370, 372, 373, 375, 376, 379, 382, 383, 384, 387, 388, 390, 395, 396, 397, 398, 399, 402, 404, 405, 407, 408, 409, 410, 411, 413, 414, 415, 424, 425, 427, 428, 431, 432, 434, 435, 436, 437, 440, 449, 450, 451, 453, 454, 456, 462, 463, 468, 469, 470, 471, 473, 476, 479, 480, 481, 483, 484, 487, 488, 489, 490, 492, 493, 495, 500, 502, 503, 505, 506, 507, 516, 517, 520, 521, 522, 525, 526, 535, 536, 538, 553, 554, 556, 560, 562, 563, 564, 565, 568, 569, 570, 571, 572, 573, 576, 578, 582, 585, 586, 587, 596, 597, 598, 600, 601, 602, 604, 614, 615, 616], "excluded_lines": [], "executed_branches": [], "missing_branches": [[61, 62], [61, 68], [95, -92], [95, 96], [107, 108], [107, 110], [146, -143], [146, 147], [188, 189], [188, 192], [201, 202], [201, 205], [215, 217], [215, 224], [226, 227], [226, 236], [269, 270], [269, 273], [295, 296], [295, 299], [299, 300], [299, 307], [325, 329], [325, 332], [334, 335], [334, 337], [362, 363], [362, 366], [375, 376], [375, 379], [387, 388], [387, 395], [397, 398], [397, 407], [424, 425], [424, 427], [427, 428], [427, 431], [431, 432], [431, 440], [449, 450], [449, 453], [468, 469], [468, 473], [480, 481], [480, 483], [487, 488], [487, 500], [492, 493], [492, 500], [516, 517], [516, 520], [520, 521], [520, 525], [521, 522], [521, 525], [535, 536], [535, 538], [553, 554], [553, 556], [562, 563], [562, 568], [597, 598], [597, 600], [601, 602], [601, 604]]}, "": {"executed_lines": [1, 9, 10, 11, 12, 13, 14, 15, 16, 17, 18, 19, 21, 22, 23, 26, 28, 31, 32, 34, 37, 38, 46, 47, 49, 51, 92, 118, 143, 152, 177, 198, 242, 280, 343, 417, 442, 509, 528, 543, 558, 580, 589], "summary": {"covered_lines": 40, "num_statements": 40, "percent_covered": 100.0, "percent_covered_display": "100.00", "missing_lines": 0, "excluded_lines": 0, "num_branches": 0, "num_partial_branches": 0, "covered_branches": 0, "missing_branches": 0}, "missing_lines": [], "excluded_lines": [], "executed_branches": [], "missing_branches": []}}}, "src/tidal_mcp/models.py": {"executed_lines": [1, 9, 10, 11, 14, 15, 16, 18, 19, 20, 21, 22, 24, 25, 46, 57, 58, 59, 61, 62, 63, 64, 65, 66, 67, 68, 69, 71, 72, 102, 117, 118, 119, 121, 122, 123, 124, 125, 126, 127, 128, 129, 130, 131, 133, 134, 170, 186, 187, 196, 197, 202, 203, 204, 206, 207, 208, 209, 210, 211, 212, 213, 214, 215, 216, 217, 219, 220, 271, 288, 289, 304, 305, 306, 308, 309, 310, 311, 313, 322, 323], "summary": {"covered_lines": 75, "num_statements": 135, "percent_covered": 45.45454545454545, "percent_covered_display": "45.45", "missing_lines": 60, "excluded_lines": 0, "num_branches": 30, "num_partial_branches": 0, "covered_branches": 0, "missing_branches": 30}, "missing_lines": [35, 36, 38, 48, 82, 83, 84, 85, 86, 87, 88, 90, 104, 144, 145, 146, 147, 148, 149, 150, 152, 153, 154, 156, 172, 189, 190, 192, 193, 194, 199, 230, 231, 232, 233, 234, 236, 237, 238, 239, 242, 243, 245, 246, 247, 248, 251, 252, 254, 273, 291, 292, 294, 295, 296, 298, 299, 301, 315, 325], "excluded_lines": [], "executed_branches": [], "missing_branches": [[35, 36], [35, 38], [82, 83], [82, 84], [85, 86], [85, 87], [87, 88], [87, 90], [144, 145], [144, 146], [147, 148], [147, 149], [149, 150], [149, 152], [153, 154], [153, 156], [189, 190], [189, 192], [230, 231], [230, 232], [233, 234], [233, 236], [237, 238], [237, 245], [246, 247], [246, 254], [291, 292], [291, 294], [298, 299], [298, 301]], "functions": {"Artist.from_api_data": {"executed_lines": [], "summary": {"covered_lines": 0, "num_statements": 3, "percent_covered": 0.0, "percent_covered_display": "0.00", "missing_lines": 3, "excluded_lines": 0, "num_branches": 2, "num_partial_branches": 0, "covered_branches": 0, "missing_branches": 2}, "missing_lines": [35, 36, 38], "excluded_lines": [], "executed_branches": [], "missing_branches": [[35, 36], [35, 38]]}, "Artist.to_dict": {"executed_lines": [], "summary": {"covered_lines": 0, "num_statements": 1, "percent_covered": 0.0, "percent_covered_display": "0.00", "missing_lines": 1, "excluded_lines": 0, "num_branches": 0, "num_partial_branches": 0, "covered_branches": 0, "missing_branches": 0}, "missing_lines": [48], "excluded_lines": [], "executed_branches": [], "missing_branches": []}, "Album.from_api_data": {"executed_lines": [], "summary": {"covered_lines": 0, "num_statements": 8, "percent_covered": 0.0, "percent_covered_display": "0.00", "missing_lines": 8, "excluded_lines": 0, "num_branches": 6, "num_partial_branches": 0, "covered_branches": 0, "missing_branches": 6}, "missing_lines": [82, 83, 84, 85, 86, 87, 88, 90], "excluded_lines": [], "executed_branches": [], "missing_branches": [[82, 83], [82, 84], [85, 86], [85, 87], [87, 88], [87, 90]]}, "Album.to_dict": {"executed_lines": [], "summary": {"covered_lines": 0, "num_statements": 1, "percent_covered": 0.0, "percent_covered_display": "0.00", "missing_lines": 1, "excluded_lines": 0, "num_branches": 0, "num_partial_branches": 0, "covered_branches": 0, "missing_branches": 0}, "missing_lines": [104], "excluded_lines": [], "executed_branches": [], "missing_branches": []}, "Track.from_api_data": {"executed_lines": [], "summary": {"covered_lines": 0, "num_statements": 11, "percent_covered": 0.0, "percent_covered_display": "0.00", "missing_lines": 11, "excluded_lines": 0, "num_branches": 8, "num_partial_branches": 0, "covered_branches": 0, "missing_branches": 8}, "missing_lines": [144, 145, 146, 147, 148, 149, 150, 152, 153, 154, 156], "excluded_lines": [], "executed_branches": [], "missing_branches": [[144, 145], [144, 146], [147, 148], [147, 149], [149, 150], [149, 152], [153, 154], [153, 156]]}, "Track.to_dict": {"executed_lines": [], "summary": {"covered_lines": 0, "num_statements": 1, "percent_covered": 0.0, "percent_covered_display": "0.00", "missing_lines": 1, "excluded_lines": 0, "num_branches": 0, "num_partial_branches": 0, "covered_branches": 0, "missing_branches": 0}, "missing_lines": [172], "excluded_lines": [], "executed_branches": [], "missing_branches": []}, "Track.formatted_duration": {"executed_lines": [], "summary": {"covered_lines": 0, "num_statements": 5, "percent_covered": 0.0, "percent_covered_display": "0.00", "missing_lines": 5, "excluded_lines": 0, "num_branches": 2, "num_partial_branches": 0, "covered_branches": 0, "missing_branches": 2}, "missing_lines": [189, 190, 192, 193, 194], "excluded_lines": [], "executed_branches": [], "missing_branches": [[189, 190], [189, 192]]}, "Track.artist_names": {"executed_lines": [], "summary": {"covered_lines": 0, "num_statements": 1, "percent_covered": 0.0, "percent_covered_display": "0.00", "missing_lines": 1, "excluded_lines": 0, "num_branches": 0, "num_partial_branches": 0, "covered_branches": 0, "missing_branches": 0}, "missing_lines": [199], "excluded_lines": [], "executed_branches": [], "missing_branches": []}, "Playlist.from_api_data": {"executed_lines": [], "summary": {"covered_lines": 0, "num_statements": 18, "percent_covered": 0.0, "percent_covered_display": "0.00", "missing_lines": 18, "excluded_lines": 0, "num_branches": 8, "num_partial_branches": 0, "covered_branches": 0, "missing_branches": 8}, "missing_lines": [230, 231, 232, 233, 234, 236, 237, 238, 239, 242, 243, 245, 246, 247, 248, 251, 252, 254], "excluded_lines": [], "executed_branches": [], "missing_branches": [[230, 231], [230, 232], [233, 234], [233, 236], [237, 238], [237, 245], [246, 247], [246, 254]]}, "Playlist.to_dict": {"executed_lines": [], "summary": {"covered_lines": 0, "num_statements": 1, "percent_covered": 0.0, "percent_covered_display": "0.00", "missing_lines": 1, "excluded_lines": 0, "num_branches": 0, "num_partial_branches": 0, "covered_branches": 0, "missing_branches": 0}, "missing_lines": [273], "excluded_lines": [], "executed_branches": [], "missing_branches": []}, "Playlist.formatted_duration": {"executed_lines": [], "summary": {"covered_lines": 0, "num_statements": 8, "percent_covered": 0.0, "percent_covered_display": "0.00", "missing_lines": 8, "excluded_lines": 0, "num_branches": 4, "num_partial_branches": 0, "covered_branches": 0, "missing_branches": 4}, "missing_lines": [291, 292, 294, 295, 296, 298, 299, 301], "excluded_lines": [], "executed_branches": [], "missing_branches": [[291, 292], [291, 294], [298, 299], [298, 301]]}, "SearchResults.to_dict": {"executed_lines": [], "summary": {"covered_lines": 0, "num_statements": 1, "percent_covered": 0.0, "percent_covered_display": "0.00", "missing_lines": 1, "excluded_lines": 0, "num_branches": 0, "num_partial_branches": 0, "covered_branches": 0, "missing_branches": 0}, "missing_lines": [315], "excluded_lines": [], "executed_branches": [], "missing_branches": []}, "SearchResults.total_results": {"executed_lines": [], "summary": {"covered_lines": 0, "num_statements": 1, "percent_covered": 0.0, "percent_covered_display": "0.00", "missing_lines": 1, "excluded_lines": 0, "num_branches": 0, "num_partial_branches": 0, "covered_branches": 0, "missing_branches": 0}, "missing_lines": [325], "excluded_lines": [], "executed_branches": [], "missing_branches": []}, "": {"executed_lines": [1, 9, 10, 11, 14, 15, 16, 18, 19, 20, 21, 22, 24, 25, 46, 57, 58, 59, 61, 62, 63, 64, 65, 66, 67, 68, 69, 71, 72, 102, 117, 118, 119, 121, 122, 123, 124, 125, 126, 127, 128, 129, 130, 131, 133, 134, 170, 186, 187, 196, 197, 202, 203, 204, 206, 207, 208, 209, 210, 211, 212, 213, 214, 215, 216, 217, 219, 220, 271, 288, 289, 304, 305, 306, 308, 309, 310, 311, 313, 322, 323], "summary": {"covered_lines": 75, "num_statements": 75, "percent_covered": 100.0, "percent_covered_display": "100.00", "missing_lines": 0, "excluded_lines": 0, "num_branches": 0, "num_partial_branches": 0, "covered_branches": 0, "missing_branches": 0}, "missing_lines": [], "excluded_lines": [], "executed_branches": [], "missing_branches": []}}, "classes": {"Artist": {"executed_lines": [], "summary": {"covered_lines": 0, "num_statements": 4, "percent_covered": 0.0, "percent_covered_display": "0.00", "missing_lines": 4, "excluded_lines": 0, "num_branches": 2, "num_partial_branches": 0, "covered_branches": 0, "missing_branches": 2}, "missing_lines": [35, 36, 38, 48], "excluded_lines": [], "executed_branches": [], "missing_branches": [[35, 36], [35, 38]]}, "Album": {"executed_lines": [], "summary": {"covered_lines": 0, "num_statements": 9, "percent_covered": 0.0, "percent_covered_display": "0.00", "missing_lines": 9, "excluded_lines": 0, "num_branches": 6, "num_partial_branches": 0, "covered_branches": 0, "missing_branches": 6}, "missing_lines": [82, 83, 84, 85, 86, 87, 88, 90, 104], "excluded_lines": [], "executed_branches": [], "missing_branches": [[82, 83], [82, 84], [85, 86], [85, 87], [87, 88], [87, 90]]}, "Track": {"executed_lines": [], "summary": {"covered_lines": 0, "num_statements": 18, "percent_covered": 0.0, "percent_covered_display": "0.00", "missing_lines": 18, "excluded_lines": 0, "num_branches": 10, "num_partial_branches": 0, "covered_branches": 0, "missing_branches": 10}, "missing_lines": [144, 145, 146, 147, 148, 149, 150, 152, 153, 154, 156, 172, 189, 190, 192, 193, 194, 199], "excluded_lines": [], "executed_branches": [], "missing_branches": [[144, 145], [144, 146], [147, 148], [147, 149], [149, 150], [149, 152], [153, 154], [153, 156], [189, 190], [189, 192]]}, "Playlist": {"executed_lines": [], "summary": {"covered_lines": 0, "num_statements": 27, "percent_covered": 0.0, "percent_covered_display": "0.00", "missing_lines": 27, "excluded_lines": 0, "num_branches": 12, "num_partial_branches": 0, "covered_branches": 0, "missing_branches": 12}, "missing_lines": [230, 231, 232, 233, 234, 236, 237, 238, 239, 242, 243, 245, 246, 247, 248, 251, 252, 254, 273, 291, 292, 294, 295, 296, 298, 299, 301], "excluded_lines": [], "executed_branches": [], "missing_branches": [[230, 231], [230, 232], [233, 234], [233, 236], [237, 238], [237, 245], [246, 247], [246, 254], [291, 292], [291, 294], [298, 299], [298, 301]]}, "SearchResults": {"executed_lines": [], "summary": {"covered_lines": 0, "num_statements": 2, "percent_covered": 0.0, "percent_covered_display": "0.00", "missing_lines": 2, "excluded_lines": 0, "num_branches": 0, "num_partial_branches": 0, "covered_branches": 0, "missing_branches": 0}, "missing_lines": [315, 325], "excluded_lines": [], "executed_branches": [], "missing_branches": []}, "": {"executed_lines": [1, 9, 10, 11, 14, 15, 16, 18, 19, 20, 21, 22, 24, 25, 46, 57, 58, 59, 61, 62, 63, 64, 65, 66, 67, 68, 69, 71, 72, 102, 117, 118, 119, 121, 122, 123, 124, 125, 126, 127, 128, 129, 130, 131, 133, 134, 170, 186, 187, 196, 197, 202, 203, 204, 206, 207, 208, 209, 210, 211, 212, 213, 214, 215, 216, 217, 219, 220, 271, 288, 289, 304, 305, 306, 308, 309, 310, 311, 313, 322, 323], "summary": {"covered_lines": 75, "num_statements": 75, "percent_covered": 100.0, "percent_covered_display": "100.00", "missing_lines": 0, "excluded_lines": 0, "num_branches": 0, "num_partial_branches": 0, "covered_branches": 0, "missing_branches": 0}, "missing_lines": [], "excluded_lines": [], "executed_branches": [], "missing_branches": []}}}, "src/tidal_mcp/production/enhanced_tools.py": {"executed_lines": [1, 8, 9, 10, 12, 13, 15, 16, 17, 19, 22, 23, 26, 27, 28, 29, 32, 38, 62, 80, 81, 165, 166, 248, 249, 321, 322, 386, 387, 512, 513, 636, 637, 741, 747, 768, 777, 786, 795, 805], "summary": {"covered_lines": 39, "num_statements": 222, "percent_covered": 13.928571428571429, "percent_covered_display": "13.93", "missing_lines": 183, "excluded_lines": 0, "num_branches": 58, "num_partial_branches": 0, "covered_branches": 0, "missing_branches": 58}, "missing_lines": [43, 44, 45, 48, 57, 59, 66, 67, 69, 70, 73, 74, 76, 91, 92, 93, 96, 97, 100, 101, 104, 105, 108, 109, 110, 111, 113, 114, 115, 117, 123, 127, 128, 133, 134, 135, 137, 155, 156, 157, 177, 178, 179, 182, 197, 220, 238, 239, 240, 259, 260, 263, 264, 267, 268, 269, 271, 272, 273, 275, 277, 295, 306, 307, 308, 318, 332, 333, 335, 336, 339, 340, 341, 348, 350, 351, 352, 363, 373, 374, 375, 382, 407, 408, 410, 411, 412, 413, 416, 417, 419, 420, 426, 427, 434, 435, 436, 449, 453, 454, 465, 494, 495, 496, 497, 498, 508, 536, 537, 539, 540, 541, 542, 545, 547, 550, 551, 552, 553, 555, 556, 557, 558, 560, 561, 562, 565, 567, 568, 569, 574, 577, 578, 594, 596, 618, 619, 620, 621, 622, 632, 647, 648, 650, 652, 655, 656, 657, 663, 696, 697, 698, 701, 702, 705, 709, 713, 731, 732, 733, 744, 756, 770, 771, 772, 773, 774, 779, 780, 781, 782, 783, 788, 789, 790, 791, 792, 797, 798, 799, 800, 801, 807], "excluded_lines": [], "executed_branches": [], "missing_branches": [[66, 67], [66, 69], [69, 70], [69, 73], [73, 74], [73, 76], [92, 93], [92, 96], [110, 111], [110, 113], [127, 128], [127, 133], [134, 135], [134, 137], [178, 179], [178, 182], [259, 260], [259, 263], [271, 272], [271, 295], [332, 333], [332, 335], [340, 341], [340, 348], [350, 351], [350, 363], [407, 408], [407, 410], [419, 420], [419, 426], [426, 427], [426, 434], [435, 436], [435, 449], [453, 454], [453, 465], [536, 537], [536, 539], [545, 547], [545, 550], [550, 551], [550, 555], [555, 556], [555, 560], [560, 561], [560, 567], [567, 568], [567, 577], [647, 648], [647, 650], [656, 657], [656, 663], [697, 698], [697, 701], [701, 702], [701, 705], [705, 709], [705, 713]], "functions": {"initialize_production_components": {"executed_lines": [], "summary": {"covered_lines": 0, "num_statements": 6, "percent_covered": 0.0, "percent_covered_display": "0.00", "missing_lines": 6, "excluded_lines": 0, "num_branches": 0, "num_partial_branches": 0, "covered_branches": 0, "missing_branches": 0}, "missing_lines": [43, 44, 45, 48, 57, 59], "excluded_lines": [], "executed_branches": [], "missing_branches": []}, "ensure_service": {"executed_lines": [], "summary": {"covered_lines": 0, "num_statements": 7, "percent_covered": 0.0, "percent_covered_display": "0.00", "missing_lines": 7, "excluded_lines": 0, "num_branches": 6, "num_partial_branches": 0, "covered_branches": 0, "missing_branches": 6}, "missing_lines": [66, 67, 69, 70, 73, 74, 76], "excluded_lines": [], "executed_branches": [], "missing_branches": [[66, 67], [66, 69], [69, 70], [69, 73], [73, 74], [73, 76]]}, "health_check": {"executed_lines": [], "summary": {"covered_lines": 0, "num_statements": 27, "percent_covered": 0.0, "percent_covered_display": "0.00", "missing_lines": 27, "excluded_lines": 0, "num_branches": 8, "num_partial_branches": 0, "covered_branches": 0, "missing_branches": 8}, "missing_lines": [91, 92, 93, 96, 97, 100, 101, 104, 105, 108, 109, 110, 111, 113, 114, 115, 117, 123, 127, 128, 133, 134, 135, 137, 155, 156, 157], "excluded_lines": [], "executed_branches": [], "missing_branches": [[92, 93], [92, 96], [110, 111], [110, 113], [127, 128], [127, 133], [134, 135], [134, 137]]}, "get_system_status": {"executed_lines": [], "summary": {"covered_lines": 0, "num_statements": 9, "percent_covered": 0.0, "percent_covered_display": "0.00", "missing_lines": 9, "excluded_lines": 0, "num_branches": 2, "num_partial_branches": 0, "covered_branches": 0, "missing_branches": 2}, "missing_lines": [177, 178, 179, 182, 197, 220, 238, 239, 240], "excluded_lines": [], "executed_branches": [], "missing_branches": [[178, 179], [178, 182]]}, "tidal_login": {"executed_lines": [], "summary": {"covered_lines": 0, "num_statements": 5, "percent_covered": 0.0, "percent_covered_display": "0.00", "missing_lines": 5, "excluded_lines": 0, "num_branches": 2, "num_partial_branches": 0, "covered_branches": 0, "missing_branches": 2}, "missing_lines": [259, 260, 263, 264, 318], "excluded_lines": [], "executed_branches": [], "missing_branches": [[259, 260], [259, 263]]}, "tidal_login._login_with_middleware": {"executed_lines": [], "summary": {"covered_lines": 0, "num_statements": 12, "percent_covered": 0.0, "percent_covered_display": "0.00", "missing_lines": 12, "excluded_lines": 0, "num_branches": 2, "num_partial_branches": 0, "covered_branches": 0, "missing_branches": 2}, "missing_lines": [267, 268, 269, 271, 272, 273, 275, 277, 295, 306, 307, 308], "excluded_lines": [], "executed_branches": [], "missing_branches": [[271, 272], [271, 295]]}, "refresh_session": {"executed_lines": [], "summary": {"covered_lines": 0, "num_statements": 5, "percent_covered": 0.0, "percent_covered_display": "0.00", "missing_lines": 5, "excluded_lines": 0, "num_branches": 2, "num_partial_branches": 0, "covered_branches": 0, "missing_branches": 2}, "missing_lines": [332, 333, 335, 336, 382], "excluded_lines": [], "executed_branches": [], "missing_branches": [[332, 333], [332, 335]]}, "refresh_session._refresh_with_middleware": {"executed_lines": [], "summary": {"covered_lines": 0, "num_statements": 11, "percent_covered": 0.0, "percent_covered_display": "0.00", "missing_lines": 11, "excluded_lines": 0, "num_branches": 4, "num_partial_branches": 0, "covered_branches": 0, "missing_branches": 4}, "missing_lines": [339, 340, 341, 348, 350, 351, 352, 363, 373, 374, 375], "excluded_lines": [], "executed_branches": [], "missing_branches": [[340, 341], [340, 348], [350, 351], [350, 363]]}, "get_stream_url": {"executed_lines": [], "summary": {"covered_lines": 0, "num_statements": 5, "percent_covered": 0.0, "percent_covered_display": "0.00", "missing_lines": 5, "excluded_lines": 0, "num_branches": 2, "num_partial_branches": 0, "covered_branches": 0, "missing_branches": 2}, "missing_lines": [407, 408, 410, 411, 508], "excluded_lines": [], "executed_branches": [], "missing_branches": [[407, 408], [407, 410]]}, "get_stream_url._get_stream_url_with_middleware": {"executed_lines": [], "summary": {"covered_lines": 0, "num_statements": 20, "percent_covered": 0.0, "percent_covered_display": "0.00", "missing_lines": 20, "excluded_lines": 0, "num_branches": 8, "num_partial_branches": 0, "covered_branches": 0, "missing_branches": 8}, "missing_lines": [412, 413, 416, 417, 419, 420, 426, 427, 434, 435, 436, 449, 453, 454, 465, 494, 495, 496, 497, 498], "excluded_lines": [], "executed_branches": [], "missing_branches": [[419, 420], [419, 426], [426, 427], [426, 434], [435, 436], [435, 449], [453, 454], [453, 465]]}, "tidal_search_advanced": {"executed_lines": [], "summary": {"covered_lines": 0, "num_statements": 5, "percent_covered": 0.0, "percent_covered_display": "0.00", "missing_lines": 5, "excluded_lines": 0, "num_branches": 2, "num_partial_branches": 0, "covered_branches": 0, "missing_branches": 2}, "missing_lines": [536, 537, 539, 540, 632], "excluded_lines": [], "executed_branches": [], "missing_branches": [[536, 537], [536, 539]]}, "tidal_search_advanced._search_with_middleware": {"executed_lines": [], "summary": {"covered_lines": 0, "num_statements": 29, "percent_covered": 0.0, "percent_covered_display": "0.00", "missing_lines": 29, "excluded_lines": 0, "num_branches": 10, "num_partial_branches": 0, "covered_branches": 0, "missing_branches": 10}, "missing_lines": [541, 542, 545, 547, 550, 551, 552, 553, 555, 556, 557, 558, 560, 561, 562, 565, 567, 568, 569, 574, 577, 578, 594, 596, 618, 619, 620, 621, 622], "excluded_lines": [], "executed_branches": [], "missing_branches": [[545, 547], [545, 550], [550, 551], [550, 555], [555, 556], [555, 560], [560, 561], [560, 567], [567, 568], [567, 577]]}, "get_rate_limit_status": {"executed_lines": [], "summary": {"covered_lines": 0, "num_statements": 19, "percent_covered": 0.0, "percent_covered_display": "0.00", "missing_lines": 19, "excluded_lines": 0, "num_branches": 10, "num_partial_branches": 0, "covered_branches": 0, "missing_branches": 10}, "missing_lines": [647, 648, 650, 652, 655, 656, 657, 663, 696, 697, 698, 701, 702, 705, 709, 713, 731, 732, 733], "excluded_lines": [], "executed_branches": [], "missing_branches": [[647, 648], [647, 650], [656, 657], [656, 663], [697, 698], [697, 701], [701, 702], [701, 705], [705, 709], [705, 713]]}, "_get_active_connections": {"executed_lines": [], "summary": {"covered_lines": 0, "num_statements": 1, "percent_covered": 0.0, "percent_covered_display": "0.00", "missing_lines": 1, "excluded_lines": 0, "num_branches": 0, "num_partial_branches": 0, "covered_branches": 0, "missing_branches": 0}, "missing_lines": [744], "excluded_lines": [], "executed_branches": [], "missing_branches": []}, "_generate_streaming_url": {"executed_lines": [], "summary": {"covered_lines": 0, "num_statements": 1, "percent_covered": 0.0, "percent_covered_display": "0.00", "missing_lines": 1, "excluded_lines": 0, "num_branches": 0, "num_partial_branches": 0, "covered_branches": 0, "missing_branches": 0}, "missing_lines": [756], "excluded_lines": [], "executed_branches": [], "missing_branches": []}, "_enhance_track_result": {"executed_lines": [], "summary": {"covered_lines": 0, "num_statements": 5, "percent_covered": 0.0, "percent_covered_display": "0.00", "missing_lines": 5, "excluded_lines": 0, "num_branches": 0, "num_partial_branches": 0, "covered_branches": 0, "missing_branches": 0}, "missing_lines": [770, 771, 772, 773, 774], "excluded_lines": [], "executed_branches": [], "missing_branches": []}, "_enhance_album_result": {"executed_lines": [], "summary": {"covered_lines": 0, "num_statements": 5, "percent_covered": 0.0, "percent_covered_display": "0.00", "missing_lines": 5, "excluded_lines": 0, "num_branches": 0, "num_partial_branches": 0, "covered_branches": 0, "missing_branches": 0}, "missing_lines": [779, 780, 781, 782, 783], "excluded_lines": [], "executed_branches": [], "missing_branches": []}, "_enhance_artist_result": {"executed_lines": [], "summary": {"covered_lines": 0, "num_statements": 5, "percent_covered": 0.0, "percent_covered_display": "0.00", "missing_lines": 5, "excluded_lines": 0, "num_branches": 0, "num_partial_branches": 0, "covered_branches": 0, "missing_branches": 0}, "missing_lines": [788, 789, 790, 791, 792], "excluded_lines": [], "executed_branches": [], "missing_branches": []}, "_enhance_playlist_result": {"executed_lines": [], "summary": {"covered_lines": 0, "num_statements": 5, "percent_covered": 0.0, "percent_covered_display": "0.00", "missing_lines": 5, "excluded_lines": 0, "num_branches": 0, "num_partial_branches": 0, "covered_branches": 0, "missing_branches": 0}, "missing_lines": [797, 798, 799, 800, 801], "excluded_lines": [], "executed_branches": [], "missing_branches": []}, "init": {"executed_lines": [], "summary": {"covered_lines": 0, "num_statements": 1, "percent_covered": 0.0, "percent_covered_display": "0.00", "missing_lines": 1, "excluded_lines": 0, "num_branches": 0, "num_partial_branches": 0, "covered_branches": 0, "missing_branches": 0}, "missing_lines": [807], "excluded_lines": [], "executed_branches": [], "missing_branches": []}, "": {"executed_lines": [1, 8, 9, 10, 12, 13, 15, 16, 17, 19, 22, 23, 26, 27, 28, 29, 32, 38, 62, 80, 81, 165, 166, 248, 249, 321, 322, 386, 387, 512, 513, 636, 637, 741, 747, 768, 777, 786, 795, 805], "summary": {"covered_lines": 39, "num_statements": 39, "percent_covered": 100.0, "percent_covered_display": "100.00", "missing_lines": 0, "excluded_lines": 0, "num_branches": 0, "num_partial_branches": 0, "covered_branches": 0, "missing_branches": 0}, "missing_lines": [], "excluded_lines": [], "executed_branches": [], "missing_branches": []}}, "classes": {"": {"executed_lines": [1, 8, 9, 10, 12, 13, 15, 16, 17, 19, 22, 23, 26, 27, 28, 29, 32, 38, 62, 80, 81, 165, 166, 248, 249, 321, 322, 386, 387, 512, 513, 636, 637, 741, 747, 768, 777, 786, 795, 805], "summary": {"covered_lines": 39, "num_statements": 222, "percent_covered": 13.928571428571429, "percent_covered_display": "13.93", "missing_lines": 183, "excluded_lines": 0, "num_branches": 58, "num_partial_branches": 0, "covered_branches": 0, "missing_branches": 58}, "missing_lines": [43, 44, 45, 48, 57, 59, 66, 67, 69, 70, 73, 74, 76, 91, 92, 93, 96, 97, 100, 101, 104, 105, 108, 109, 110, 111, 113, 114, 115, 117, 123, 127, 128, 133, 134, 135, 137, 155, 156, 157, 177, 178, 179, 182, 197, 220, 238, 239, 240, 259, 260, 263, 264, 267, 268, 269, 271, 272, 273, 275, 277, 295, 306, 307, 308, 318, 332, 333, 335, 336, 339, 340, 341, 348, 350, 351, 352, 363, 373, 374, 375, 382, 407, 408, 410, 411, 412, 413, 416, 417, 419, 420, 426, 427, 434, 435, 436, 449, 453, 454, 465, 494, 495, 496, 497, 498, 508, 536, 537, 539, 540, 541, 542, 545, 547, 550, 551, 552, 553, 555, 556, 557, 558, 560, 561, 562, 565, 567, 568, 569, 574, 577, 578, 594, 596, 618, 619, 620, 621, 622, 632, 647, 648, 650, 652, 655, 656, 657, 663, 696, 697, 698, 701, 702, 705, 709, 713, 731, 732, 733, 744, 756, 770, 771, 772, 773, 774, 779, 780, 781, 782, 783, 788, 789, 790, 791, 792, 797, 798, 799, 800, 801, 807], "excluded_lines": [], "executed_branches": [], "missing_branches": [[66, 67], [66, 69], [69, 70], [69, 73], [73, 74], [73, 76], [92, 93], [92, 96], [110, 111], [110, 113], [127, 128], [127, 133], [134, 135], [134, 137], [178, 179], [178, 182], [259, 260], [259, 263], [271, 272], [271, 295], [332, 333], [332, 335], [340, 341], [340, 348], [350, 351], [350, 363], [407, 408], [407, 410], [419, 420], [419, 426], [426, 427], [426, 434], [435, 436], [435, 449], [453, 454], [453, 465], [536, 537], [536, 539], [545, 547], [545, 550], [550, 551], [550, 555], [555, 556], [555, 560], [560, 561], [560, 567], [567, 568], [567, 577], [647, 648], [647, 650], [656, 657], [656, 663], [697, 698], [697, 701], [701, 702], [701, 705], [705, 709], [705, 713]]}}}, "src/tidal_mcp/production/middleware.py": {"executed_lines": [1, 8, 9, 10, 11, 12, 13, 14, 15, 16, 18, 19, 21, 24, 25, 27, 34, 35, 40, 41, 43, 44, 45, 46, 47, 50, 51, 53, 84, 85, 90, 91, 93, 98, 99, 101, 104, 186, 237, 275, 286, 291, 296, 304, 312, 313, 315, 316, 324, 325, 331, 332, 338, 339, 346, 347, 349, 394, 395, 418, 419, 421, 424, 442, 443, 445, 449, 463, 475, 476, 478, 492, 603, 623, 624, 634, 635, 637, 640, 659], "summary": {"covered_lines": 68, "num_statements": 273, "percent_covered": 19.825072886297377, "percent_covered_display": "19.83", "missing_lines": 205, "excluded_lines": 0, "num_branches": 70, "num_partial_branches": 0, "covered_branches": 0, "missing_branches": 70}, "missing_lines": [28, 29, 30, 31, 32, 37, 87, 94, 95, 102, 113, 114, 117, 118, 120, 121, 129, 133, 134, 141, 145, 146, 153, 157, 158, 165, 166, 167, 168, 170, 190, 191, 192, 194, 195, 196, 199, 200, 201, 202, 204, 205, 208, 209, 210, 212, 214, 215, 222, 223, 225, 231, 241, 242, 243, 245, 246, 248, 250, 251, 253, 255, 256, 263, 264, 265, 267, 269, 277, 278, 280, 281, 282, 283, 284, 289, 293, 294, 298, 299, 300, 301, 302, 306, 307, 308, 309, 318, 319, 320, 321, 322, 327, 328, 329, 334, 335, 336, 341, 342, 343, 402, 404, 412, 413, 415, 422, 426, 427, 429, 430, 432, 435, 436, 439, 446, 447, 453, 454, 455, 458, 459, 465, 486, 487, 488, 489, 490, 495, 496, 497, 498, 499, 501, 503, 504, 505, 506, 507, 510, 513, 514, 518, 519, 525, 528, 529, 532, 535, 536, 543, 544, 548, 550, 551, 557, 558, 562, 564, 565, 571, 572, 576, 578, 579, 581, 587, 588, 592, 596, 597, 599, 601, 606, 607, 610, 611, 614, 615, 618, 619, 626, 627, 629, 630, 638, 642, 643, 644, 645, 647, 652, 653, 661, 662, 663, 666, 667, 668, 670, 672, 673, 675, 680, 681], "excluded_lines": [], "executed_branches": [], "missing_branches": [[120, 121], [120, 129], [133, 134], [133, 141], [145, 146], [145, 153], [157, 158], [157, 165], [200, 201], [200, 204], [212, 214], [212, 231], [255, 256], [255, 263], [264, 265], [264, 267], [308, -304], [308, 309], [318, 319], [318, 320], [320, 321], [320, 322], [327, 328], [327, 329], [334, 335], [334, 336], [341, 342], [341, 343], [412, 413], [412, 415], [426, 427], [426, 429], [429, 430], [429, 432], [435, 436], [435, 439], [458, -449], [458, 459], [503, 504], [503, 513], [506, 507], [506, 510], [513, 514], [513, 528], [518, 519], [518, 525], [528, 529], [528, 532], [535, 536], [535, 543], [543, 544], [543, 548], [557, 558], [557, 562], [571, 572], [571, 576], [587, 588], [587, 592], [606, 607], [606, 610], [610, 611], [610, 614], [614, 615], [614, 618], [618, -603], [618, 619], [629, -623], [629, 630], [672, 673], [672, 675]], "functions": {"RequestContext.__init__": {"executed_lines": [], "summary": {"covered_lines": 0, "num_statements": 5, "percent_covered": 0.0, "percent_covered_display": "0.00", "missing_lines": 5, "excluded_lines": 0, "num_branches": 0, "num_partial_branches": 0, "covered_branches": 0, "missing_branches": 0}, "missing_lines": [28, 29, 30, 31, 32], "excluded_lines": [], "executed_branches": [], "missing_branches": []}, "RequestContext.elapsed_time": {"executed_lines": [], "summary": {"covered_lines": 0, "num_statements": 1, "percent_covered": 0.0, "percent_covered_display": "0.00", "missing_lines": 1, "excluded_lines": 0, "num_branches": 0, "num_partial_branches": 0, "covered_branches": 0, "missing_branches": 0}, "missing_lines": [37], "excluded_lines": [], "executed_branches": [], "missing_branches": []}, "RateLimitTiers.get_config": {"executed_lines": [], "summary": {"covered_lines": 0, "num_statements": 1, "percent_covered": 0.0, "percent_covered_display": "0.00", "missing_lines": 1, "excluded_lines": 0, "num_branches": 0, "num_partial_branches": 0, "covered_branches": 0, "missing_branches": 0}, "missing_lines": [87], "excluded_lines": [], "executed_branches": [], "missing_branches": []}, "RateLimitError.__init__": {"executed_lines": [], "summary": {"covered_lines": 0, "num_statements": 2, "percent_covered": 0.0, "percent_covered_display": "0.00", "missing_lines": 2, "excluded_lines": 0, "num_branches": 0, "num_partial_branches": 0, "covered_branches": 0, "missing_branches": 0}, "missing_lines": [94, 95], "excluded_lines": [], "executed_branches": [], "missing_branches": []}, "RateLimiter.__init__": {"executed_lines": [], "summary": {"covered_lines": 0, "num_statements": 1, "percent_covered": 0.0, "percent_covered_display": "0.00", "missing_lines": 1, "excluded_lines": 0, "num_branches": 0, "num_partial_branches": 0, "covered_branches": 0, "missing_branches": 0}, "missing_lines": [102], "excluded_lines": [], "executed_branches": [], "missing_branches": []}, "RateLimiter.check_rate_limit": {"executed_lines": [], "summary": {"covered_lines": 0, "num_statements": 20, "percent_covered": 0.0, "percent_covered_display": "0.00", "missing_lines": 20, "excluded_lines": 0, "num_branches": 8, "num_partial_branches": 0, "covered_branches": 0, "missing_branches": 8}, "missing_lines": [113, 114, 117, 118, 120, 121, 129, 133, 134, 141, 145, 146, 153, 157, 158, 165, 166, 167, 168, 170], "excluded_lines": [], "executed_branches": [], "missing_branches": [[120, 121], [120, 129], [133, 134], [133, 141], [145, 146], [145, 153], [157, 158], [157, 165]]}, "RateLimiter._check_token_bucket": {"executed_lines": [], "summary": {"covered_lines": 0, "num_statements": 22, "percent_covered": 0.0, "percent_covered_display": "0.00", "missing_lines": 22, "excluded_lines": 0, "num_branches": 4, "num_partial_branches": 0, "covered_branches": 0, "missing_branches": 4}, "missing_lines": [190, 191, 192, 194, 195, 196, 199, 200, 201, 202, 204, 205, 208, 209, 210, 212, 214, 215, 222, 223, 225, 231], "excluded_lines": [], "executed_branches": [], "missing_branches": [[200, 201], [200, 204], [212, 214], [212, 231]]}, "RateLimiter._check_sliding_window": {"executed_lines": [], "summary": {"covered_lines": 0, "num_statements": 16, "percent_covered": 0.0, "percent_covered_display": "0.00", "missing_lines": 16, "excluded_lines": 0, "num_branches": 4, "num_partial_branches": 0, "covered_branches": 0, "missing_branches": 4}, "missing_lines": [241, 242, 243, 245, 246, 248, 250, 251, 253, 255, 256, 263, 264, 265, 267, 269], "excluded_lines": [], "executed_branches": [], "missing_branches": [[255, 256], [255, 263], [264, 265], [264, 267]]}, "RateLimiter._record_request": {"executed_lines": [], "summary": {"covered_lines": 0, "num_statements": 7, "percent_covered": 0.0, "percent_covered_display": "0.00", "missing_lines": 7, "excluded_lines": 0, "num_branches": 0, "num_partial_branches": 0, "covered_branches": 0, "missing_branches": 0}, "missing_lines": [277, 278, 280, 281, 282, 283, 284], "excluded_lines": [], "executed_branches": [], "missing_branches": []}, "RateLimiter._consume_token": {"executed_lines": [], "summary": {"covered_lines": 0, "num_statements": 1, "percent_covered": 0.0, "percent_covered_display": "0.00", "missing_lines": 1, "excluded_lines": 0, "num_branches": 0, "num_partial_branches": 0, "covered_branches": 0, "missing_branches": 0}, "missing_lines": [289], "excluded_lines": [], "executed_branches": [], "missing_branches": []}, "RateLimiter._get_concurrent_count": {"executed_lines": [], "summary": {"covered_lines": 0, "num_statements": 2, "percent_covered": 0.0, "percent_covered_display": "0.00", "missing_lines": 2, "excluded_lines": 0, "num_branches": 0, "num_partial_branches": 0, "covered_branches": 0, "missing_branches": 0}, "missing_lines": [293, 294], "excluded_lines": [], "executed_branches": [], "missing_branches": []}, "RateLimiter._increment_concurrent": {"executed_lines": [], "summary": {"covered_lines": 0, "num_statements": 5, "percent_covered": 0.0, "percent_covered_display": "0.00", "missing_lines": 5, "excluded_lines": 0, "num_branches": 0, "num_partial_branches": 0, "covered_branches": 0, "missing_branches": 0}, "missing_lines": [298, 299, 300, 301, 302], "excluded_lines": [], "executed_branches": [], "missing_branches": []}, "RateLimiter.decrement_concurrent": {"executed_lines": [], "summary": {"covered_lines": 0, "num_statements": 4, "percent_covered": 0.0, "percent_covered_display": "0.00", "missing_lines": 4, "excluded_lines": 0, "num_branches": 2, "num_partial_branches": 0, "covered_branches": 0, "missing_branches": 2}, "missing_lines": [306, 307, 308, 309], "excluded_lines": [], "executed_branches": [], "missing_branches": [[308, -304], [308, 309]]}, "RequestValidator.validate_search_query": {"executed_lines": [], "summary": {"covered_lines": 0, "num_statements": 5, "percent_covered": 0.0, "percent_covered_display": "0.00", "missing_lines": 5, "excluded_lines": 0, "num_branches": 4, "num_partial_branches": 0, "covered_branches": 0, "missing_branches": 4}, "missing_lines": [318, 319, 320, 321, 322], "excluded_lines": [], "executed_branches": [], "missing_branches": [[318, 319], [318, 320], [320, 321], [320, 322]]}, "RequestValidator.validate_track_id": {"executed_lines": [], "summary": {"covered_lines": 0, "num_statements": 3, "percent_covered": 0.0, "percent_covered_display": "0.00", "missing_lines": 3, "excluded_lines": 0, "num_branches": 2, "num_partial_branches": 0, "covered_branches": 0, "missing_branches": 2}, "missing_lines": [327, 328, 329], "excluded_lines": [], "executed_branches": [], "missing_branches": [[327, 328], [327, 329]]}, "RequestValidator.validate_limit": {"executed_lines": [], "summary": {"covered_lines": 0, "num_statements": 3, "percent_covered": 0.0, "percent_covered_display": "0.00", "missing_lines": 3, "excluded_lines": 0, "num_branches": 2, "num_partial_branches": 0, "covered_branches": 0, "missing_branches": 2}, "missing_lines": [334, 335, 336], "excluded_lines": [], "executed_branches": [], "missing_branches": [[334, 335], [334, 336]]}, "RequestValidator.validate_offset": {"executed_lines": [], "summary": {"covered_lines": 0, "num_statements": 3, "percent_covered": 0.0, "percent_covered_display": "0.00", "missing_lines": 3, "excluded_lines": 0, "num_branches": 2, "num_partial_branches": 0, "covered_branches": 0, "missing_branches": 2}, "missing_lines": [341, 342, 343], "excluded_lines": [], "executed_branches": [], "missing_branches": [[341, 342], [341, 343]]}, "ErrorHandler.format_error": {"executed_lines": [], "summary": {"covered_lines": 0, "num_statements": 5, "percent_covered": 0.0, "percent_covered_display": "0.00", "missing_lines": 5, "excluded_lines": 0, "num_branches": 2, "num_partial_branches": 0, "covered_branches": 0, "missing_branches": 2}, "missing_lines": [402, 404, 412, 413, 415], "excluded_lines": [], "executed_branches": [], "missing_branches": [[412, 413], [412, 415]]}, "SecurityMiddleware.__init__": {"executed_lines": [], "summary": {"covered_lines": 0, "num_statements": 1, "percent_covered": 0.0, "percent_covered_display": "0.00", "missing_lines": 1, "excluded_lines": 0, "num_branches": 0, "num_partial_branches": 0, "covered_branches": 0, "missing_branches": 0}, "missing_lines": [422], "excluded_lines": [], "executed_branches": [], "missing_branches": []}, "SecurityMiddleware.authenticate_request": {"executed_lines": [], "summary": {"covered_lines": 0, "num_statements": 8, "percent_covered": 0.0, "percent_covered_display": "0.00", "missing_lines": 8, "excluded_lines": 0, "num_branches": 6, "num_partial_branches": 0, "covered_branches": 0, "missing_branches": 6}, "missing_lines": [426, 427, 429, 430, 432, 435, 436, 439], "excluded_lines": [], "executed_branches": [], "missing_branches": [[426, 427], [426, 429], [429, 430], [429, 432], [435, 436], [435, 439]]}, "ObservabilityMiddleware.__init__": {"executed_lines": [], "summary": {"covered_lines": 0, "num_statements": 2, "percent_covered": 0.0, "percent_covered_display": "0.00", "missing_lines": 2, "excluded_lines": 0, "num_branches": 0, "num_partial_branches": 0, "covered_branches": 0, "missing_branches": 0}, "missing_lines": [446, 447], "excluded_lines": [], "executed_branches": [], "missing_branches": []}, "ObservabilityMiddleware.record_request": {"executed_lines": [], "summary": {"covered_lines": 0, "num_statements": 5, "percent_covered": 0.0, "percent_covered_display": "0.00", "missing_lines": 5, "excluded_lines": 0, "num_branches": 2, "num_partial_branches": 0, "covered_branches": 0, "missing_branches": 2}, "missing_lines": [453, 454, 455, 458, 459], "excluded_lines": [], "executed_branches": [], "missing_branches": [[458, -449], [458, 459]]}, "ObservabilityMiddleware.get_metrics": {"executed_lines": [], "summary": {"covered_lines": 0, "num_statements": 1, "percent_covered": 0.0, "percent_covered_display": "0.00", "missing_lines": 1, "excluded_lines": 0, "num_branches": 0, "num_partial_branches": 0, "covered_branches": 0, "missing_branches": 0}, "missing_lines": [465], "excluded_lines": [], "executed_branches": [], "missing_branches": []}, "MiddlewareStack.__init__": {"executed_lines": [], "summary": {"covered_lines": 0, "num_statements": 5, "percent_covered": 0.0, "percent_covered_display": "0.00", "missing_lines": 5, "excluded_lines": 0, "num_branches": 0, "num_partial_branches": 0, "covered_branches": 0, "missing_branches": 0}, "missing_lines": [486, 487, 488, 489, 490], "excluded_lines": [], "executed_branches": [], "missing_branches": []}, "MiddlewareStack.middleware": {"executed_lines": [], "summary": {"covered_lines": 0, "num_statements": 3, "percent_covered": 0.0, "percent_covered_display": "0.00", "missing_lines": 3, "excluded_lines": 0, "num_branches": 0, "num_partial_branches": 0, "covered_branches": 0, "missing_branches": 0}, "missing_lines": [495, 496, 601], "excluded_lines": [], "executed_branches": [], "missing_branches": []}, "MiddlewareStack.middleware.decorator": {"executed_lines": [], "summary": {"covered_lines": 0, "num_statements": 2, "percent_covered": 0.0, "percent_covered_display": "0.00", "missing_lines": 2, "excluded_lines": 0, "num_branches": 0, "num_partial_branches": 0, "covered_branches": 0, "missing_branches": 0}, "missing_lines": [497, 599], "excluded_lines": [], "executed_branches": [], "missing_branches": []}, "MiddlewareStack.middleware.decorator.wrapper": {"executed_lines": [], "summary": {"covered_lines": 0, "num_statements": 40, "percent_covered": 0.0, "percent_covered_display": "0.00", "missing_lines": 40, "excluded_lines": 0, "num_branches": 20, "num_partial_branches": 0, "covered_branches": 0, "missing_branches": 20}, "missing_lines": [498, 499, 501, 503, 504, 505, 506, 507, 510, 513, 514, 518, 519, 525, 528, 529, 532, 535, 536, 543, 544, 548, 550, 551, 557, 558, 562, 564, 565, 571, 572, 576, 578, 579, 581, 587, 588, 592, 596, 597], "excluded_lines": [], "executed_branches": [], "missing_branches": [[503, 504], [503, 513], [506, 507], [506, 510], [513, 514], [513, 528], [518, 519], [518, 525], [528, 529], [528, 532], [535, 536], [535, 543], [543, 544], [543, 548], [557, 558], [557, 562], [571, 572], [571, 576], [587, 588], [587, 592]]}, "MiddlewareStack._validate_request": {"executed_lines": [], "summary": {"covered_lines": 0, "num_statements": 8, "percent_covered": 0.0, "percent_covered_display": "0.00", "missing_lines": 8, "excluded_lines": 0, "num_branches": 8, "num_partial_branches": 0, "covered_branches": 0, "missing_branches": 8}, "missing_lines": [606, 607, 610, 611, 614, 615, 618, 619], "excluded_lines": [], "executed_branches": [], "missing_branches": [[606, 607], [606, 610], [610, 611], [610, 614], [614, 615], [614, 618], [618, -603], [618, 619]]}, "request_context": {"executed_lines": [], "summary": {"covered_lines": 0, "num_statements": 4, "percent_covered": 0.0, "percent_covered_display": "0.00", "missing_lines": 4, "excluded_lines": 0, "num_branches": 2, "num_partial_branches": 0, "covered_branches": 0, "missing_branches": 2}, "missing_lines": [626, 627, 629, 630], "excluded_lines": [], "executed_branches": [], "missing_branches": [[629, -623], [629, 630]]}, "HealthChecker.__init__": {"executed_lines": [], "summary": {"covered_lines": 0, "num_statements": 1, "percent_covered": 0.0, "percent_covered_display": "0.00", "missing_lines": 1, "excluded_lines": 0, "num_branches": 0, "num_partial_branches": 0, "covered_branches": 0, "missing_branches": 0}, "missing_lines": [638], "excluded_lines": [], "executed_branches": [], "missing_branches": []}, "HealthChecker.check_redis_health": {"executed_lines": [], "summary": {"covered_lines": 0, "num_statements": 7, "percent_covered": 0.0, "percent_covered_display": "0.00", "missing_lines": 7, "excluded_lines": 0, "num_branches": 0, "num_partial_branches": 0, "covered_branches": 0, "missing_branches": 0}, "missing_lines": [642, 643, 644, 645, 647, 652, 653], "excluded_lines": [], "executed_branches": [], "missing_branches": []}, "HealthChecker.check_rate_limiter_health": {"executed_lines": [], "summary": {"covered_lines": 0, "num_statements": 12, "percent_covered": 0.0, "percent_covered_display": "0.00", "missing_lines": 12, "excluded_lines": 0, "num_branches": 2, "num_partial_branches": 0, "covered_branches": 0, "missing_branches": 2}, "missing_lines": [661, 662, 663, 666, 667, 668, 670, 672, 673, 675, 680, 681], "excluded_lines": [], "executed_branches": [], "missing_branches": [[672, 673], [672, 675]]}, "": {"executed_lines": [1, 8, 9, 10, 11, 12, 13, 14, 15, 16, 18, 19, 21, 24, 25, 27, 34, 35, 40, 41, 43, 44, 45, 46, 47, 50, 51, 53, 84, 85, 90, 91, 93, 98, 99, 101, 104, 186, 237, 275, 286, 291, 296, 304, 312, 313, 315, 316, 324, 325, 331, 332, 338, 339, 346, 347, 349, 394, 395, 418, 419, 421, 424, 442, 443, 445, 449, 463, 475, 476, 478, 492, 603, 623, 624, 634, 635, 637, 640, 659], "summary": {"covered_lines": 68, "num_statements": 68, "percent_covered": 100.0, "percent_covered_display": "100.00", "missing_lines": 0, "excluded_lines": 0, "num_branches": 0, "num_partial_branches": 0, "covered_branches": 0, "missing_branches": 0}, "missing_lines": [], "excluded_lines": [], "executed_branches": [], "missing_branches": []}}, "classes": {"RequestContext": {"executed_lines": [], "summary": {"covered_lines": 0, "num_statements": 6, "percent_covered": 0.0, "percent_covered_display": "0.00", "missing_lines": 6, "excluded_lines": 0, "num_branches": 0, "num_partial_branches": 0, "covered_branches": 0, "missing_branches": 0}, "missing_lines": [28, 29, 30, 31, 32, 37], "excluded_lines": [], "executed_branches": [], "missing_branches": []}, "RateLimitConfig": {"executed_lines": [], "summary": {"covered_lines": 0, "num_statements": 0, "percent_covered": 100.0, "percent_covered_display": "100.00", "missing_lines": 0, "excluded_lines": 0, "num_branches": 0, "num_partial_branches": 0, "covered_branches": 0, "missing_branches": 0}, "missing_lines": [], "excluded_lines": [], "executed_branches": [], "missing_branches": []}, "RateLimitTiers": {"executed_lines": [], "summary": {"covered_lines": 0, "num_statements": 1, "percent_covered": 0.0, "percent_covered_display": "0.00", "missing_lines": 1, "excluded_lines": 0, "num_branches": 0, "num_partial_branches": 0, "covered_branches": 0, "missing_branches": 0}, "missing_lines": [87], "excluded_lines": [], "executed_branches": [], "missing_branches": []}, "RateLimitError": {"executed_lines": [], "summary": {"covered_lines": 0, "num_statements": 2, "percent_covered": 0.0, "percent_covered_display": "0.00", "missing_lines": 2, "excluded_lines": 0, "num_branches": 0, "num_partial_branches": 0, "covered_branches": 0, "missing_branches": 0}, "missing_lines": [94, 95], "excluded_lines": [], "executed_branches": [], "missing_branches": []}, "RateLimiter": {"executed_lines": [], "summary": {"covered_lines": 0, "num_statements": 78, "percent_covered": 0.0, "percent_covered_display": "0.00", "missing_lines": 78, "excluded_lines": 0, "num_branches": 18, "num_partial_branches": 0, "covered_branches": 0, "missing_branches": 18}, "missing_lines": [102, 113, 114, 117, 118, 120, 121, 129, 133, 134, 141, 145, 146, 153, 157, 158, 165, 166, 167, 168, 170, 190, 191, 192, 194, 195, 196, 199, 200, 201, 202, 204, 205, 208, 209, 210, 212, 214, 215, 222, 223, 225, 231, 241, 242, 243, 245, 246, 248, 250, 251, 253, 255, 256, 263, 264, 265, 267, 269, 277, 278, 280, 281, 282, 283, 284, 289, 293, 294, 298, 299, 300, 301, 302, 306, 307, 308, 309], "excluded_lines": [], "executed_branches": [], "missing_branches": [[120, 121], [120, 129], [133, 134], [133, 141], [145, 146], [145, 153], [157, 158], [157, 165], [200, 201], [200, 204], [212, 214], [212, 231], [255, 256], [255, 263], [264, 265], [264, 267], [308, -304], [308, 309]]}, "RequestValidator": {"executed_lines": [], "summary": {"covered_lines": 0, "num_statements": 14, "percent_covered": 0.0, "percent_covered_display": "0.00", "missing_lines": 14, "excluded_lines": 0, "num_branches": 10, "num_partial_branches": 0, "covered_branches": 0, "missing_branches": 10}, "missing_lines": [318, 319, 320, 321, 322, 327, 328, 329, 334, 335, 336, 341, 342, 343], "excluded_lines": [], "executed_branches": [], "missing_branches": [[318, 319], [318, 320], [320, 321], [320, 322], [327, 328], [327, 329], [334, 335], [334, 336], [341, 342], [341, 343]]}, "ErrorHandler": {"executed_lines": [], "summary": {"covered_lines": 0, "num_statements": 5, "percent_covered": 0.0, "percent_covered_display": "0.00", "missing_lines": 5, "excluded_lines": 0, "num_branches": 2, "num_partial_branches": 0, "covered_branches": 0, "missing_branches": 2}, "missing_lines": [402, 404, 412, 413, 415], "excluded_lines": [], "executed_branches": [], "missing_branches": [[412, 413], [412, 415]]}, "SecurityMiddleware": {"executed_lines": [], "summary": {"covered_lines": 0, "num_statements": 9, "percent_covered": 0.0, "percent_covered_display": "0.00", "missing_lines": 9, "excluded_lines": 0, "num_branches": 6, "num_partial_branches": 0, "covered_branches": 0, "missing_branches": 6}, "missing_lines": [422, 426, 427, 429, 430, 432, 435, 436, 439], "excluded_lines": [], "executed_branches": [], "missing_branches": [[426, 427], [426, 429], [429, 430], [429, 432], [435, 436], [435, 439]]}, "ObservabilityMiddleware": {"executed_lines": [], "summary": {"covered_lines": 0, "num_statements": 8, "percent_covered": 0.0, "percent_covered_display": "0.00", "missing_lines": 8, "excluded_lines": 0, "num_branches": 2, "num_partial_branches": 0, "covered_branches": 0, "missing_branches": 2}, "missing_lines": [446, 447, 453, 454, 455, 458, 459, 465], "excluded_lines": [], "executed_branches": [], "missing_branches": [[458, -449], [458, 459]]}, "MiddlewareStack": {"executed_lines": [], "summary": {"covered_lines": 0, "num_statements": 58, "percent_covered": 0.0, "percent_covered_display": "0.00", "missing_lines": 58, "excluded_lines": 0, "num_branches": 28, "num_partial_branches": 0, "covered_branches": 0, "missing_branches": 28}, "missing_lines": [486, 487, 488, 489, 490, 495, 496, 497, 498, 499, 501, 503, 504, 505, 506, 507, 510, 513, 514, 518, 519, 525, 528, 529, 532, 535, 536, 543, 544, 548, 550, 551, 557, 558, 562, 564, 565, 571, 572, 576, 578, 579, 581, 587, 588, 592, 596, 597, 599, 601, 606, 607, 610, 611, 614, 615, 618, 619], "excluded_lines": [], "executed_branches": [], "missing_branches": [[503, 504], [503, 513], [506, 507], [506, 510], [513, 514], [513, 528], [518, 519], [518, 525], [528, 529], [528, 532], [535, 536], [535, 543], [543, 544], [543, 548], [557, 558], [557, 562], [571, 572], [571, 576], [587, 588], [587, 592], [606, 607], [606, 610], [610, 611], [610, 614], [614, 615], [614, 618], [618, -603], [618, 619]]}, "HealthChecker": {"executed_lines": [], "summary": {"covered_lines": 0, "num_statements": 20, "percent_covered": 0.0, "percent_covered_display": "0.00", "missing_lines": 20, "excluded_lines": 0, "num_branches": 2, "num_partial_branches": 0, "covered_branches": 0, "missing_branches": 2}, "missing_lines": [638, 642, 643, 644, 645, 647, 652, 653, 661, 662, 663, 666, 667, 668, 670, 672, 673, 675, 680, 681], "excluded_lines": [], "executed_branches": [], "missing_branches": [[672, 673], [672, 675]]}, "": {"executed_lines": [1, 8, 9, 10, 11, 12, 13, 14, 15, 16, 18, 19, 21, 24, 25, 27, 34, 35, 40, 41, 43, 44, 45, 46, 47, 50, 51, 53, 84, 85, 90, 91, 93, 98, 99, 101, 104, 186, 237, 275, 286, 291, 296, 304, 312, 313, 315, 316, 324, 325, 331, 332, 338, 339, 346, 347, 349, 394, 395, 418, 419, 421, 424, 442, 443, 445, 449, 463, 475, 476, 478, 492, 603, 623, 624, 634, 635, 637, 640, 659], "summary": {"covered_lines": 68, "num_statements": 72, "percent_covered": 91.89189189189189, "percent_covered_display": "91.89", "missing_lines": 4, "excluded_lines": 0, "num_branches": 2, "num_partial_branches": 0, "covered_branches": 0, "missing_branches": 2}, "missing_lines": [626, 627, 629, 630], "excluded_lines": [], "executed_branches": [], "missing_branches": [[629, -623], [629, 630]]}}}, "src/tidal_mcp/server.py": {"executed_lines": [1, 9, 10, 11, 13, 15, 16, 20, 23, 24, 48, 49, 52, 74, 75, 118, 119, 194, 195, 225, 226, 257, 258, 297, 298, 340, 341, 384, 385, 419, 420, 454, 455, 484, 485, 516, 517, 547, 548, 574, 575, 603, 604, 630, 651], "summary": {"covered_lines": 43, "num_statements": 255, "percent_covered": 14.617940199335548, "percent_covered_display": "14.62", "missing_lines": 212, "excluded_lines": 2, "num_branches": 46, "num_partial_branches": 1, "covered_branches": 1, "missing_branches": 45}, "missing_lines": [28, 29, 30, 32, 35, 36, 38, 40, 42, 44, 45, 56, 58, 60, 61, 62, 64, 65, 68, 69, 71, 89, 90, 91, 93, 94, 95, 97, 103, 109, 110, 111, 135, 136, 137, 138, 140, 141, 142, 149, 150, 151, 158, 159, 160, 167, 168, 169, 179, 180, 187, 188, 189, 190, 191, 209, 210, 211, 213, 214, 216, 218, 219, 220, 221, 222, 237, 238, 239, 241, 242, 248, 250, 251, 252, 253, 254, 271, 272, 274, 275, 277, 279, 280, 285, 290, 291, 292, 293, 294, 312, 313, 315, 316, 318, 320, 321, 328, 333, 334, 335, 336, 337, 356, 357, 358, 359, 361, 364, 365, 366, 367, 369, 371, 377, 378, 379, 380, 381, 397, 398, 399, 401, 402, 407, 412, 413, 414, 415, 416, 432, 433, 434, 436, 437, 442, 447, 448, 449, 450, 451, 466, 467, 468, 470, 472, 477, 478, 479, 480, 481, 497, 498, 499, 501, 503, 509, 510, 511, 512, 513, 528, 529, 530, 531, 533, 535, 540, 541, 542, 543, 544, 558, 559, 560, 562, 563, 565, 567, 568, 569, 570, 571, 587, 588, 589, 591, 592, 594, 596, 597, 598, 599, 600, 614, 615, 616, 618, 619, 621, 623, 624, 625, 626, 627, 632, 634, 641, 642, 643, 645, 648], "excluded_lines": [651, 652], "executed_branches": [[23, 24]], "missing_branches": [[23, 28], [56, 58], [56, 64], [64, 65], [64, 68], [68, 69], [68, 71], [93, 94], [93, 103], [140, 141], [140, 149], [149, 150], [149, 158], [158, 159], [158, 167], [167, 168], [167, 179], [213, 214], [213, 216], [241, 242], [241, 248], [274, 275], [274, 277], [279, 280], [279, 285], [315, 316], [315, 318], [320, 321], [320, 328], [365, 366], [365, 371], [366, 367], [366, 369], [401, 402], [401, 407], [436, 437], [436, 442], [562, 563], [562, 565], [591, 592], [591, 594], [618, 619], [618, 621], [641, 642], [641, 645]], "functions": {"ensure_service": {"executed_lines": [], "summary": {"covered_lines": 0, "num_statements": 10, "percent_covered": 0.0, "percent_covered_display": "0.00", "missing_lines": 10, "excluded_lines": 0, "num_branches": 6, "num_partial_branches": 0, "covered_branches": 0, "missing_branches": 6}, "missing_lines": [56, 58, 60, 61, 62, 64, 65, 68, 69, 71], "excluded_lines": [], "executed_branches": [], "missing_branches": [[56, 58], [56, 64], [64, 65], [64, 68], [68, 69], [68, 71]]}, "tidal_login": {"executed_lines": [], "summary": {"covered_lines": 0, "num_statements": 11, "percent_covered": 0.0, "percent_covered_display": "0.00", "missing_lines": 11, "excluded_lines": 0, "num_branches": 2, "num_partial_branches": 0, "covered_branches": 0, "missing_branches": 2}, "missing_lines": [89, 90, 91, 93, 94, 95, 97, 103, 109, 110, 111], "excluded_lines": [], "executed_branches": [], "missing_branches": [[93, 94], [93, 103]]}, "tidal_search": {"executed_lines": [], "summary": {"covered_lines": 0, "num_statements": 23, "percent_covered": 0.0, "percent_covered_display": "0.00", "missing_lines": 23, "excluded_lines": 0, "num_branches": 8, "num_partial_branches": 0, "covered_branches": 0, "missing_branches": 8}, "missing_lines": [135, 136, 137, 138, 140, 141, 142, 149, 150, 151, 158, 159, 160, 167, 168, 169, 179, 180, 187, 188, 189, 190, 191], "excluded_lines": [], "executed_branches": [], "missing_branches": [[140, 141], [140, 149], [149, 150], [149, 158], [158, 159], [158, 167], [167, 168], [167, 179]]}, "tidal_get_playlist": {"executed_lines": [], "summary": {"covered_lines": 0, "num_statements": 11, "percent_covered": 0.0, "percent_covered_display": "0.00", "missing_lines": 11, "excluded_lines": 0, "num_branches": 2, "num_partial_branches": 0, "covered_branches": 0, "missing_branches": 2}, "missing_lines": [209, 210, 211, 213, 214, 216, 218, 219, 220, 221, 222], "excluded_lines": [], "executed_branches": [], "missing_branches": [[213, 214], [213, 216]]}, "tidal_create_playlist": {"executed_lines": [], "summary": {"covered_lines": 0, "num_statements": 11, "percent_covered": 0.0, "percent_covered_display": "0.00", "missing_lines": 11, "excluded_lines": 0, "num_branches": 2, "num_partial_branches": 0, "covered_branches": 0, "missing_branches": 2}, "missing_lines": [237, 238, 239, 241, 242, 248, 250, 251, 252, 253, 254], "excluded_lines": [], "executed_branches": [], "missing_branches": [[241, 242], [241, 248]]}, "tidal_add_to_playlist": {"executed_lines": [], "summary": {"covered_lines": 0, "num_statements": 13, "percent_covered": 0.0, "percent_covered_display": "0.00", "missing_lines": 13, "excluded_lines": 0, "num_branches": 4, "num_partial_branches": 0, "covered_branches": 0, "missing_branches": 4}, "missing_lines": [271, 272, 274, 275, 277, 279, 280, 285, 290, 291, 292, 293, 294], "excluded_lines": [], "executed_branches": [], "missing_branches": [[274, 275], [274, 277], [279, 280], [279, 285]]}, "tidal_remove_from_playlist": {"executed_lines": [], "summary": {"covered_lines": 0, "num_statements": 13, "percent_covered": 0.0, "percent_covered_display": "0.00", "missing_lines": 13, "excluded_lines": 0, "num_branches": 4, "num_partial_branches": 0, "covered_branches": 0, "missing_branches": 4}, "missing_lines": [312, 313, 315, 316, 318, 320, 321, 328, 333, 334, 335, 336, 337], "excluded_lines": [], "executed_branches": [], "missing_branches": [[315, 316], [315, 318], [320, 321], [320, 328]]}, "tidal_get_favorites": {"executed_lines": [], "summary": {"covered_lines": 0, "num_statements": 16, "percent_covered": 0.0, "percent_covered_display": "0.00", "missing_lines": 16, "excluded_lines": 0, "num_branches": 4, "num_partial_branches": 0, "covered_branches": 0, "missing_branches": 4}, "missing_lines": [356, 357, 358, 359, 361, 364, 365, 366, 367, 369, 371, 377, 378, 379, 380, 381], "excluded_lines": [], "executed_branches": [], "missing_branches": [[365, 366], [365, 371], [366, 367], [366, 369]]}, "tidal_add_favorite": {"executed_lines": [], "summary": {"covered_lines": 0, "num_statements": 11, "percent_covered": 0.0, "percent_covered_display": "0.00", "missing_lines": 11, "excluded_lines": 0, "num_branches": 2, "num_partial_branches": 0, "covered_branches": 0, "missing_branches": 2}, "missing_lines": [397, 398, 399, 401, 402, 407, 412, 413, 414, 415, 416], "excluded_lines": [], "executed_branches": [], "missing_branches": [[401, 402], [401, 407]]}, "tidal_remove_favorite": {"executed_lines": [], "summary": {"covered_lines": 0, "num_statements": 11, "percent_covered": 0.0, "percent_covered_display": "0.00", "missing_lines": 11, "excluded_lines": 0, "num_branches": 2, "num_partial_branches": 0, "covered_branches": 0, "missing_branches": 2}, "missing_lines": [432, 433, 434, 436, 437, 442, 447, 448, 449, 450, 451], "excluded_lines": [], "executed_branches": [], "missing_branches": [[436, 437], [436, 442]]}, "tidal_get_recommendations": {"executed_lines": [], "summary": {"covered_lines": 0, "num_statements": 10, "percent_covered": 0.0, "percent_covered_display": "0.00", "missing_lines": 10, "excluded_lines": 0, "num_branches": 0, "num_partial_branches": 0, "covered_branches": 0, "missing_branches": 0}, "missing_lines": [466, 467, 468, 470, 472, 477, 478, 479, 480, 481], "excluded_lines": [], "executed_branches": [], "missing_branches": []}, "tidal_get_track_radio": {"executed_lines": [], "summary": {"covered_lines": 0, "num_statements": 10, "percent_covered": 0.0, "percent_covered_display": "0.00", "missing_lines": 10, "excluded_lines": 0, "num_branches": 0, "num_partial_branches": 0, "covered_branches": 0, "missing_branches": 0}, "missing_lines": [497, 498, 499, 501, 503, 509, 510, 511, 512, 513], "excluded_lines": [], "executed_branches": [], "missing_branches": []}, "tidal_get_user_playlists": {"executed_lines": [], "summary": {"covered_lines": 0, "num_statements": 11, "percent_covered": 0.0, "percent_covered_display": "0.00", "missing_lines": 11, "excluded_lines": 0, "num_branches": 0, "num_partial_branches": 0, "covered_branches": 0, "missing_branches": 0}, "missing_lines": [528, 529, 530, 531, 533, 535, 540, 541, 542, 543, 544], "excluded_lines": [], "executed_branches": [], "missing_branches": []}, "tidal_get_track": {"executed_lines": [], "summary": {"covered_lines": 0, "num_statements": 11, "percent_covered": 0.0, "percent_covered_display": "0.00", "missing_lines": 11, "excluded_lines": 0, "num_branches": 2, "num_partial_branches": 0, "covered_branches": 0, "missing_branches": 2}, "missing_lines": [558, 559, 560, 562, 563, 565, 567, 568, 569, 570, 571], "excluded_lines": [], "executed_branches": [], "missing_branches": [[562, 563], [562, 565]]}, "tidal_get_album": {"executed_lines": [], "summary": {"covered_lines": 0, "num_statements": 11, "percent_covered": 0.0, "percent_covered_display": "0.00", "missing_lines": 11, "excluded_lines": 0, "num_branches": 2, "num_partial_branches": 0, "covered_branches": 0, "missing_branches": 2}, "missing_lines": [587, 588, 589, 591, 592, 594, 596, 597, 598, 599, 600], "excluded_lines": [], "executed_branches": [], "missing_branches": [[591, 592], [591, 594]]}, "tidal_get_artist": {"executed_lines": [], "summary": {"covered_lines": 0, "num_statements": 11, "percent_covered": 0.0, "percent_covered_display": "0.00", "missing_lines": 11, "excluded_lines": 0, "num_branches": 2, "num_partial_branches": 0, "covered_branches": 0, "missing_branches": 2}, "missing_lines": [614, 615, 616, 618, 619, 621, 623, 624, 625, 626, 627], "excluded_lines": [], "executed_branches": [], "missing_branches": [[618, 619], [618, 621]]}, "main": {"executed_lines": [], "summary": {"covered_lines": 0, "num_statements": 7, "percent_covered": 0.0, "percent_covered_display": "0.00", "missing_lines": 7, "excluded_lines": 0, "num_branches": 2, "num_partial_branches": 0, "covered_branches": 0, "missing_branches": 2}, "missing_lines": [632, 634, 641, 642, 643, 645, 648], "excluded_lines": [], "executed_branches": [], "missing_branches": [[641, 642], [641, 645]]}, "": {"executed_lines": [1, 9, 10, 11, 13, 15, 16, 20, 23, 24, 48, 49, 52, 74, 75, 118, 119, 194, 195, 225, 226, 257, 258, 297, 298, 340, 341, 384, 385, 419, 420, 454, 455, 484, 485, 516, 517, 547, 548, 574, 575, 603, 604, 630, 651], "summary": {"covered_lines": 43, "num_statements": 54, "percent_covered": 78.57142857142857, "percent_covered_display": "78.57", "missing_lines": 11, "excluded_lines": 2, "num_branches": 2, "num_partial_branches": 1, "covered_branches": 1, "missing_branches": 1}, "missing_lines": [28, 29, 30, 32, 35, 36, 38, 40, 42, 44, 45], "excluded_lines": [651, 652], "executed_branches": [[23, 24]], "missing_branches": [[23, 28]]}}, "classes": {"": {"executed_lines": [1, 9, 10, 11, 13, 15, 16, 20, 23, 24, 48, 49, 52, 74, 75, 118, 119, 194, 195, 225, 226, 257, 258, 297, 298, 340, 341, 384, 385, 419, 420, 454, 455, 484, 485, 516, 517, 547, 548, 574, 575, 603, 604, 630, 651], "summary": {"covered_lines": 43, "num_statements": 255, "percent_covered": 14.617940199335548, "percent_covered_display": "14.62", "missing_lines": 212, "excluded_lines": 2, "num_branches": 46, "num_partial_branches": 1, "covered_branches": 1, "missing_branches": 45}, "missing_lines": [28, 29, 30, 32, 35, 36, 38, 40, 42, 44, 45, 56, 58, 60, 61, 62, 64, 65, 68, 69, 71, 89, 90, 91, 93, 94, 95, 97, 103, 109, 110, 111, 135, 136, 137, 138, 140, 141, 142, 149, 150, 151, 158, 159, 160, 167, 168, 169, 179, 180, 187, 188, 189, 190, 191, 209, 210, 211, 213, 214, 216, 218, 219, 220, 221, 222, 237, 238, 239, 241, 242, 248, 250, 251, 252, 253, 254, 271, 272, 274, 275, 277, 279, 280, 285, 290, 291, 292, 293, 294, 312, 313, 315, 316, 318, 320, 321, 328, 333, 334, 335, 336, 337, 356, 357, 358, 359, 361, 364, 365, 366, 367, 369, 371, 377, 378, 379, 380, 381, 397, 398, 399, 401, 402, 407, 412, 413, 414, 415, 416, 432, 433, 434, 436, 437, 442, 447, 448, 449, 450, 451, 466, 467, 468, 470, 472, 477, 478, 479, 480, 481, 497, 498, 499, 501, 503, 509, 510, 511, 512, 513, 528, 529, 530, 531, 533, 535, 540, 541, 542, 543, 544, 558, 559, 560, 562, 563, 565, 567, 568, 569, 570, 571, 587, 588, 589, 591, 592, 594, 596, 597, 598, 599, 600, 614, 615, 616, 618, 619, 621, 623, 624, 625, 626, 627, 632, 634, 641, 642, 643, 645, 648], "excluded_lines": [651, 652], "executed_branches": [[23, 24]], "missing_branches": [[23, 28], [56, 58], [56, 64], [64, 65], [64, 68], [68, 69], [68, 71], [93, 94], [93, 103], [140, 141], [140, 149], [149, 150], [149, 158], [158, 159], [158, 167], [167, 168], [167, 179], [213, 214], [213, 216], [241, 242], [241, 248], [274, 275], [274, 277], [279, 280], [279,
[...]
0.0, "percent_covered_display": "0.00", "missing_lines": 17, "excluded_lines": 0, "num_branches": 6, "num_partial_branches": 0, "covered_branches": 0, "missing_branches": 6}, "missing_lines": [1527, 1528, 1529, 1530, 1532, 1533, 1536, 1537, 1538, 1539, 1540, 1541, 1542, 1544, 1562, 1563, 1564], "excluded_lines": [], "executed_branches": [], "missing_branches": [[1529, 1530], [1529, 1544], [1537, 1538], [1537, 1544], [1539, 1537], [1539, 1540]]}, "TidalService._convert_tidal_playlist._get_tracks": {"executed_lines": [], "summary": {"covered_lines": 0, "num_statements": 1, "percent_covered": 0.0, "percent_covered_display": "0.00", "missing_lines": 1, "excluded_lines": 0, "num_branches": 0, "num_partial_branches": 0, "covered_branches": 0, "missing_branches": 0}, "missing_lines": [1534], "excluded_lines": [], "executed_branches": [], "missing_branches": []}, "TidalService._is_uuid": {"executed_lines": [], "summary": {"covered_lines": 0, "num_statements": 3, "percent_covered": 0.0, "percent_covered_display": "0.00", "missing_lines": 3, "excluded_lines": 0, "num_branches": 0, "num_partial_branches": 0, "covered_branches": 0, "missing_branches": 0}, "missing_lines": [1568, 1570, 1574], "excluded_lines": [], "executed_branches": [], "missing_branches": []}, "": {"executed_lines": [1, 9, 10, 11, 12, 13, 15, 17, 18, 19, 21, 24, 43, 44, 55, 66, 71, 76, 135, 193, 253, 315, 346, 392, 452, 494, 566, 626, 666, 718, 791, 845, 908, 958, 1008, 1071, 1108, 1154, 1191, 1251, 1313, 1368, 1389, 1467, 1509, 1523, 1566], "summary": {"covered_lines": 45, "num_statements": 45, "percent_covered": 100.0, "percent_covered_display": "100.00", "missing_lines": 0, "excluded_lines": 0, "num_branches": 0, "num_partial_branches": 0, "covered_branches": 0, "missing_branches": 0}, "missing_lines": [], "excluded_lines": [], "executed_branches": [], "missing_branches": []}}, "classes": {"TidalService": {"executed_lines": [], "summary": {"covered_lines": 0, "num_statements": 731, "percent_covered": 0.0, "percent_covered_display": "0.00", "missing_lines": 731, "excluded_lines": 0, "num_branches": 210, "num_partial_branches": 0, "covered_branches": 0, "missing_branches": 210}, "missing_lines": [62, 63, 64, 68, 69, 73, 90, 91, 92, 94, 95, 96, 98, 103, 104, 105, 106, 109, 110, 111, 113, 116, 117, 118, 119, 120, 121, 122, 123, 126, 128, 129, 131, 132, 133, 149, 150, 151, 153, 154, 155, 157, 161, 162, 163, 164, 167, 168, 169, 171, 174, 175, 176, 177, 178, 179, 180, 181, 184, 186, 187, 189, 190, 191, 207, 208, 209, 211, 212, 213, 215, 219, 220, 221, 224, 227, 228, 229, 231, 234, 235, 236, 237, 238, 239, 240, 241, 244, 246, 247, 249, 250, 251, 267, 268, 269, 271, 272, 273, 275, 279, 280, 281, 284, 287, 288, 289, 291, 294, 295, 296, 297, 298, 299, 300, 301, 304, 306, 309, 311, 312, 313, 326, 328, 335, 337, 341, 342, 343, 359, 360, 361, 363, 364, 365, 367, 371, 372, 373, 375, 376, 377, 378, 380, 383, 386, 388, 389, 390, 406, 407, 408, 410, 411, 412, 414, 418, 419, 420, 421, 422, 424, 426, 427, 428, 430, 433, 434, 435, 436, 437, 438, 439, 440, 443, 445, 446, 448, 449, 450, 465, 466, 467, 469, 470, 471, 473, 475, 476, 477, 479, 480, 481, 482, 484, 487, 488, 490, 491, 492, 507, 508, 509, 511, 512, 513, 515, 516, 517, 520, 521, 522, 523, 525, 529, 530, 531, 532, 533, 536, 537, 538, 539, 540, 541, 542, 543, 544, 546, 547, 550, 552, 553, 554, 558, 560, 562, 563, 564, 579, 580, 581, 583, 584, 585, 587, 588, 589, 591, 595, 596, 597, 598, 599, 602, 605, 606, 607, 608, 609, 610, 612, 614, 615, 616, 618, 620, 622, 623, 624, 636, 637, 638, 640, 641, 642, 644, 646, 647, 648, 649, 650, 652, 654, 655, 656, 658, 660, 662, 663, 664, 679, 680, 681, 683, 685, 686, 687, 689, 690, 691, 693, 696, 697, 698, 699, 702, 703, 704, 705, 708, 710, 711, 713, 714, 715, 732, 733, 734, 736, 740, 741, 742, 743, 744, 745, 746, 747, 748, 749, 750, 752, 755, 756, 757, 759, 762, 763, 764, 765, 766, 767, 768, 769, 770, 771, 772, 776, 778, 779, 780, 781, 782, 784, 785, 787, 788, 789, 802, 803, 804, 806, 809, 810, 812, 814, 815, 816, 818, 819, 820, 821, 822, 823, 824, 825, 826, 827, 828, 829, 831, 833, 834, 835, 837, 839, 841, 842, 843, 856, 857, 858, 860, 863, 864, 866, 868, 869, 870, 872, 873, 874, 875, 876, 877, 878, 879, 880, 881, 882, 883, 887, 889, 890, 891, 895, 899, 901, 902, 905, 919, 920, 921, 923, 924, 925, 927, 929, 930, 931, 932, 933, 935, 936, 938, 941, 942, 943, 944, 945, 946, 947, 948, 949, 951, 952, 954, 955, 956, 969, 970, 971, 973, 974, 975, 977, 979, 980, 981, 982, 983, 985, 986, 988, 991, 992, 993, 994, 995, 996, 997, 998, 999, 1001, 1002, 1004, 1005, 1006, 1018, 1019, 1020, 1022, 1024, 1025, 1027, 1028, 1029, 1031, 1033, 1036, 1037, 1038, 1041, 1042, 1043, 1044, 1045, 1046, 1048, 1050, 1053, 1054, 1055, 1056, 1057, 1058, 1059, 1060, 1061, 1063, 1064, 1066, 1067, 1068, 1081, 1082, 1083, 1085, 1086, 1087, 1089, 1091, 1092, 1093, 1095, 1096, 1097, 1098, 1100, 1101, 1102, 1104, 1105, 1106, 1121, 1122, 1123, 1125, 1126, 1127, 1129, 1133, 1134, 1135, 1137, 1138, 1139, 1140, 1142, 1145, 1148, 1150, 1151, 1152, 1164, 1165, 1166, 1168, 1169, 1170, 1172, 1174, 1175, 1176, 1178, 1179, 1180, 1181, 1183, 1184, 1185, 1187, 1188, 1189, 1205, 1206, 1207, 1209, 1210, 1211, 1213, 1217, 1218, 1219, 1220, 1221, 1223, 1225, 1226, 1227, 1229, 1232, 1233, 1234, 1235, 1236, 1237, 1238, 1239, 1242, 1244, 1245, 1247, 1248, 1249, 1265, 1266, 1267, 1269, 1270, 1271, 1273, 1277, 1278, 1279, 1280, 1281, 1283, 1285, 1286, 1287, 1289, 1292, 1293, 1294, 1295, 1298, 1299, 1300, 1301, 1304, 1306, 1307, 1309, 1310, 1311, 1326, 1327, 1328, 1330, 1331, 1332, 1334, 1336, 1337, 1338, 1339, 1340, 1342, 1343, 1345, 1348, 1349, 1350, 1351, 1352, 1353, 1354, 1355, 1358, 1360, 1361, 1363, 1364, 1365, 1375, 1376, 1378, 1379, 1380, 1382, 1384, 1385, 1386, 1391, 1393, 1394, 1395, 1396, 1404, 1405, 1415, 1416, 1417, 1418, 1419, 1420, 1428, 1429, 1440, 1451, 1463, 1464, 1465, 1471, 1473, 1474, 1475, 1476, 1484, 1485, 1494, 1505, 1506, 1507, 1511, 1512, 1519, 1520, 1521, 1527, 1528, 1529, 1530, 1532, 1533, 1534, 1536, 1537, 1538, 1539, 1540, 1541, 1542, 1544, 1562, 1563, 1564, 1568, 1570, 1574], "excluded_lines": [], "executed_branches": [], "missing_branches": [[68, -66], [68, 69], [95, 96], [95, 98], [117, 118], [117, 128], [120, 117], [120, 121], [154, 155], [154, 157], [175, 176], [175, 186], [178, 175], [178, 179], [212, 213], [212, 215], [235, 236], [235, 246], [238, 235], [238, 239], [272, 273], [272, 275], [295, 296], [295, 306], [298, 295], [298, 299], [363, 364], [363, 367], [376, 377], [376, 380], [410, 411], [410, 414], [421, 422], [421, 424], [434, 435], [434, 445], [437, 434], [437, 438], [469, 470], [469, 473], [480, 481], [480, 484], [511, 512], [511, 515], [515, 516], [515, 520], [521, 522], [521, 525], [532, 533], [532, 536], [537, 538], [537, 546], [540, 537], [540, 541], [546, 547], [546, 550], [553, 554], [553, 558], [583, 584], [583, 587], [587, 588], [587, 591], [598, 599], [598, 602], [605, 606], [605, 612], [615, 616], [615, 618], [640, 641], [640, 644], [649, 650], [649, 652], [655, 656], [655, 658], [697, 698], [697, 710], [702, 697], [702, 703], [743, 744], [743, 745], [745, 746], [745, 747], [747, 748], [747, 749], [749, 750], [749, 752], [763, 764], [763, 784], [765, 766], [765, 767], [767, 768], [767, 769], [769, 770], [769, 771], [771, 772], [771, 776], [778, 763], [778, 779], [806, 809], [806, 812], [818, 819], [818, 821], [821, 822], [821, 824], [824, 825], [824, 827], [827, 828], [827, 831], [834, 835], [834, 837], [860, 863], [860, 866], [872, 873], [872, 875], [875, 876], [875, 878], [878, 879], [878, 881], [881, 882], [881, 887], [890, 891], [890, 895], [923, 924], [923, 927], [932, 933], [932, 935], [942, 943], [942, 951], [945, 942], [945, 946], [973, 974], [973, 977], [982, 983], [982, 985], [992, 993], [992, 1001], [995, 992], [995, 996], [1029, 1031], [1029, 1041], [1043, 1044], [1043, 1048], [1054, 1055], [1054, 1063], [1057, 1054], [1057, 1058], [1085, 1086], [1085, 1089], [1096, 1097], [1096, 1100], [1125, 1126], [1125, 1129], [1138, 1139], [1138, 1142], [1168, 1169], [1168, 1172], [1179, 1180], [1179, 1183], [1209, 1210], [1209, 1213], [1220, 1221], [1220, 1223], [1233, 1234], [1233, 1244], [1236, 1233], [1236, 1237], [1269, 1270], [1269, 1273], [1280, 1281], [1280, 1283], [1293, 1294], [1293, 1306], [1298, 1293], [1298, 1299], [1330, 1331], [1330, 1334], [1339, 1340], [1339, 1342], [1349, 1350], [1349, 1360], [1352, 1349], [1352, 1353], [1379, 1380], [1379, 1382], [1394, 1395], [1394, 1404], [1395, 1396], [1395, 1415], [1404, 1405], [1404, 1415], [1416, 1417], [1416, 1451], [1418, 1419], [1418, 1428], [1419, 1420], [1419, 1440], [1428, 1429], [1428, 1440], [1474, 1475], [1474, 1484], [1475, 1476], [1475, 1494], [1484, 1485], [1484, 1494], [1529, 1530], [1529, 1544], [1537, 1538], [1537, 1544], [1539, 1537], [1539, 1540]]}, "": {"executed_lines": [1, 9, 10, 11, 12, 13, 15, 17, 18, 19, 21, 24, 43, 44, 55, 66, 71, 76, 135, 193, 253, 315, 346, 392, 452, 494, 566, 626, 666, 718, 791, 845, 908, 958, 1008, 1071, 1108, 1154, 1191, 1251, 1313, 1368, 1389, 1467, 1509, 1523, 1566], "summary": {"covered_lines": 45, "num_statements": 55, "percent_covered": 78.94736842105263, "percent_covered_display": "78.95", "missing_lines": 10, "excluded_lines": 0, "num_branches": 2, "num_partial_branches": 0, "covered_branches": 0, "missing_branches": 2}, "missing_lines": [27, 28, 29, 30, 32, 33, 35, 36, 38, 40], "excluded_lines": [], "executed_branches": [], "missing_branches": [[32, 33], [32, 38]]}}}, "src/tidal_mcp/utils.py": {"executed_lines": [1, 8, 9, 10, 11, 13, 16, 38, 65, 98, 125, 152, 176, 193, 226, 253, 292, 311, 333], "summary": {"covered_lines": 18, "num_statements": 126, "percent_covered": 9.278350515463918, "percent_covered_display": "9.28", "missing_lines": 108, "excluded_lines": 0, "num_branches": 68, "num_partial_branches": 0, "covered_branches": 0, "missing_branches": 68}, "missing_lines": [26, 27, 30, 33, 35, 49, 50, 52, 53, 55, 56, 57, 59, 60, 62, 75, 76, 78, 79, 80, 81, 83, 84, 85, 86, 87, 89, 90, 91, 93, 94, 95, 108, 109, 111, 112, 113, 115, 116, 117, 119, 120, 122, 137, 138, 140, 141, 143, 144, 145, 147, 149, 164, 165, 167, 168, 170, 171, 173, 186, 187, 190, 203, 204, 207, 218, 219, 220, 221, 223, 236, 237, 239, 241, 250, 275, 276, 278, 286, 287, 289, 305, 306, 308, 321, 322, 324, 325, 326, 327, 328, 330, 343, 344, 352, 353, 355, 356, 358, 360, 361, 362, 363, 364, 367, 368, 369, 371], "excluded_lines": [], "executed_branches": [], "missing_branches": [[26, 27], [26, 30], [49, 50], [49, 52], [52, 53], [52, 55], [59, 60], [59, 62], [75, 76], [75, 78], [80, 81], [80, 86], [83, 84], [83, 85], [86, 87], [86, 93], [89, 90], [89, 91], [108, 109], [108, 111], [115, 116], [115, 119], [119, 120], [119, 122], [137, 138], [137, 140], [143, 144], [143, 149], [144, 145], [144, 147], [164, 165], [164, 167], [167, 168], [167, 170], [170, 171], [170, 173], [186, 187], [186, 190], [203, 204], [203, 207], [218, 219], [218, 223], [220, 218], [220, 221], [236, 237], [236, 239], [275, 276], [275, 278], [305, 306], [305, 308], [321, 322], [321, 324], [325, 326], [325, 330], [327, 325], [327, 328], [343, 344], [343, 352], [358, 360], [358, 371], [361, 362], [361, 367], [362, 363], [362, 367], [363, 362], [363, 364], [368, 358], [368, 369]], "functions": {"sanitize_query": {"executed_lines": [], "summary": {"covered_lines": 0, "num_statements": 5, "percent_covered": 0.0, "percent_covered_display": "0.00", "missing_lines": 5, "excluded_lines": 0, "num_branches": 2, "num_partial_branches": 0, "covered_branches": 0, "missing_branches": 2}, "missing_lines": [26, 27, 30, 33, 35], "excluded_lines": [], "executed_branches": [], "missing_branches": [[26, 27], [26, 30]]}, "format_duration": {"executed_lines": [], "summary": {"covered_lines": 0, "num_statements": 10, "percent_covered": 0.0, "percent_covered_display": "0.00", "missing_lines": 10, "excluded_lines": 0, "num_branches": 6, "num_partial_branches": 0, "covered_branches": 0, "missing_branches": 6}, "missing_lines": [49, 50, 52, 53, 55, 56, 57, 59, 60, 62], "excluded_lines": [], "executed_branches": [], "missing_branches": [[49, 50], [49, 52], [52, 53], [52, 55], [59, 60], [59, 62]]}, "parse_duration": {"executed_lines": [], "summary": {"covered_lines": 0, "num_statements": 17, "percent_covered": 0.0, "percent_covered_display": "0.00", "missing_lines": 17, "excluded_lines": 0, "num_branches": 10, "num_partial_branches": 0, "covered_branches": 0, "missing_branches": 10}, "missing_lines": [75, 76, 78, 79, 80, 81, 83, 84, 85, 86, 87, 89, 90, 91, 93, 94, 95], "excluded_lines": [], "executed_branches": [], "missing_branches": [[75, 76], [75, 78], [80, 81], [80, 86], [83, 84], [83, 85], [86, 87], [86, 93], [89, 90], [89, 91]]}, "format_file_size": {"executed_lines": [], "summary": {"covered_lines": 0, "num_statements": 11, "percent_covered": 0.0, "percent_covered_display": "0.00", "missing_lines": 11, "excluded_lines": 0, "num_branches": 6, "num_partial_branches": 0, "covered_branches": 0, "missing_branches": 6}, "missing_lines": [108, 109, 111, 112, 113, 115, 116, 117, 119, 120, 122], "excluded_lines": [], "executed_branches": [], "missing_branches": [[108, 109], [108, 111], [115, 116], [115, 119], [119, 120], [119, 122]]}, "safe_get": {"executed_lines": [], "summary": {"covered_lines": 0, "num_statements": 9, "percent_covered": 0.0, "percent_covered_display": "0.00", "missing_lines": 9, "excluded_lines": 0, "num_branches": 6, "num_partial_branches": 0, "covered_branches": 0, "missing_branches": 6}, "missing_lines": [137, 138, 140, 141, 143, 144, 145, 147, 149], "excluded_lines": [], "executed_branches": [], "missing_branches": [[137, 138], [137, 140], [143, 144], [143, 149], [144, 145], [144, 147]]}, "truncate_text": {"executed_lines": [], "summary": {"covered_lines": 0, "num_statements": 7, "percent_covered": 0.0, "percent_covered_display": "0.00", "missing_lines": 7, "excluded_lines": 0, "num_branches": 6, "num_partial_branches": 0, "covered_branches": 0, "missing_branches": 6}, "missing_lines": [164, 165, 167, 168, 170, 171, 173], "excluded_lines": [], "executed_branches": [], "missing_branches": [[164, 165], [164, 167], [167, 168], [167, 170], [170, 171], [170, 173]]}, "validate_tidal_id": {"executed_lines": [], "summary": {"covered_lines": 0, "num_statements": 3, "percent_covered": 0.0, "percent_covered_display": "0.00", "missing_lines": 3, "excluded_lines": 0, "num_branches": 2, "num_partial_branches": 0, "covered_branches": 0, "missing_branches": 2}, "missing_lines": [186, 187, 190], "excluded_lines": [], "executed_branches": [], "missing_branches": [[186, 187], [186, 190]]}, "extract_tidal_id_from_url": {"executed_lines": [], "summary": {"covered_lines": 0, "num_statements": 8, "percent_covered": 0.0, "percent_covered_display": "0.00", "missing_lines": 8, "excluded_lines": 0, "num_branches": 6, "num_partial_branches": 0, "covered_branches": 0, "missing_branches": 6}, "missing_lines": [203, 204, 207, 218, 219, 220, 221, 223], "excluded_lines": [], "executed_branches": [], "missing_branches": [[203, 204], [203, 207], [218, 219], [218, 223], [220, 218], [220, 221]]}, "normalize_quality_string": {"executed_lines": [], "summary": {"covered_lines": 0, "num_statements": 5, "percent_covered": 0.0, "percent_covered_display": "0.00", "missing_lines": 5, "excluded_lines": 0, "num_branches": 2, "num_partial_branches": 0, "covered_branches": 0, "missing_branches": 2}, "missing_lines": [236, 237, 239, 241, 250], "excluded_lines": [], "executed_branches": [], "missing_branches": [[236, 237], [236, 239]]}, "build_search_url": {"executed_lines": [], "summary": {"covered_lines": 0, "num_statements": 6, "percent_covered": 0.0, "percent_covered_display": "0.00", "missing_lines": 6, "excluded_lines": 0, "num_branches": 2, "num_partial_branches": 0, "covered_branches": 0, "missing_branches": 2}, "missing_lines": [275, 276, 278, 286, 287, 289], "excluded_lines": [], "executed_branches": [], "missing_branches": [[275, 276], [275, 278]]}, "filter_explicit_content": {"executed_lines": [], "summary": {"covered_lines": 0, "num_statements": 3, "percent_covered": 0.0, "percent_covered_display": "0.00", "missing_lines": 3, "excluded_lines": 0, "num_branches": 2, "num_partial_branches": 0, "covered_branches": 0, "missing_branches": 2}, "missing_lines": [305, 306, 308], "excluded_lines": [], "executed_branches": [], "missing_branches": [[305, 306], [305, 308]]}, "merge_artist_names": {"executed_lines": [], "summary": {"covered_lines": 0, "num_statements": 8, "percent_covered": 0.0, "percent_covered_display": "0.00", "missing_lines": 8, "excluded_lines": 0, "num_branches": 6, "num_partial_branches": 0, "covered_branches": 0, "missing_branches": 6}, "missing_lines": [321, 322, 324, 325, 326, 327, 328, 330], "excluded_lines": [], "executed_branches": [], "missing_branches": [[321, 322], [321, 324], [325, 326], [325, 330], [327, 325], [327, 328]]}, "calculate_playlist_stats": {"executed_lines": [], "summary": {"covered_lines": 0, "num_statements": 16, "percent_covered": 0.0, "percent_covered_display": "0.00", "missing_lines": 16, "excluded_lines": 0, "num_branches": 12, "num_partial_branches": 0, "covered_branches": 0, "missing_branches": 12}, "missing_lines": [343, 344, 352, 353, 355, 356, 358, 360, 361, 362, 363, 364, 367, 368, 369, 371], "excluded_lines": [], "executed_branches": [], "missing_branches": [[343, 344], [343, 352], [358, 360], [358, 371], [361, 362], [361, 367], [362, 363], [362, 367], [363, 362], [363, 364], [368, 358], [368, 369]]}, "": {"executed_lines": [1, 8, 9, 10, 11, 13, 16, 38, 65, 98, 125, 152, 176, 193, 226, 253, 292, 311, 333], "summary": {"covered_lines": 18, "num_statements": 18, "percent_covered": 100.0, "percent_covered_display": "100.00", "missing_lines": 0, "excluded_lines": 0, "num_branches": 0, "num_partial_branches": 0, "covered_branches": 0, "missing_branches": 0}, "missing_lines": [], "excluded_lines": [], "executed_branches": [], "missing_branches": []}}, "classes": {"": {"executed_lines": [1, 8, 9, 10, 11, 13, 16, 38, 65, 98, 125, 152, 176, 193, 226, 253, 292, 311, 333], "summary": {"covered_lines": 18, "num_statements": 126, "percent_covered": 9.278350515463918, "percent_covered_display": "9.28", "missing_lines": 108, "excluded_lines": 0, "num_branches": 68, "num_partial_branches": 0, "covered_branches": 0, "missing_branches": 68}, "missing_lines": [26, 27, 30, 33, 35, 49, 50, 52, 53, 55, 56, 57, 59, 60, 62, 75, 76, 78, 79, 80, 81, 83, 84, 85, 86, 87, 89, 90, 91, 93, 94, 95, 108, 109, 111, 112, 113, 115, 116, 117, 119, 120, 122, 137, 138, 140, 141, 143, 144, 145, 147, 149, 164, 165, 167, 168, 170, 171, 173, 186, 187, 190, 203, 204, 207, 218, 219, 220, 221, 223, 236, 237, 239, 241, 250, 275, 276, 278, 286, 287, 289, 305, 306, 308, 321, 322, 324, 325, 326, 327, 328, 330, 343, 344, 352, 353, 355, 356, 358, 360, 361, 362, 363, 364, 367, 368, 369, 371], "excluded_lines": [], "executed_branches": [], "missing_branches": [[26, 27], [26, 30], [49, 50], [49, 52], [52, 53], [52, 55], [59, 60], [59, 62], [75, 76], [75, 78], [80, 81], [80, 86], [83, 84], [83, 85], [86, 87], [86, 93], [89, 90], [89, 91], [108, 109], [108, 111], [115, 116], [115, 119], [119, 120], [119, 122], [137, 138], [137, 140], [143, 144], [143, 149], [144, 145], [144, 147], [164, 165], [164, 167], [167, 168], [167, 170], [170, 171], [170, 173], [186, 187], [186, 190], [203, 204], [203, 207], [218, 219], [218, 223], [220, 218], [220, 221], [236, 237], [236, 239], [275, 276], [275, 278], [305, 306], [305, 308], [321, 322], [321, 324], [325, 326], [325, 330], [327, 325], [327, 328], [343, 344], [343, 352], [358, 360], [358, 371], [361, 362], [361, 367], [362, 363], [362, 367], [363, 362], [363, 364], [368, 358], [368, 369]]}}}}, "totals": {"covered_lines": 336, "num_statements": 2096, "percent_covered": 12.736205593348451, "percent_covered_display": "12.74", "missing_lines": 1760, "excluded_lines": 2, "num_branches": 550, "num_partial_branches": 1, "covered_branches": 1, "missing_branches": 549}}